Using pre-set license
Built from '2020.2/release' branch; Version is '2020.2.2f1 (068178b99f32) revision 426360'; Using compiler version '192528614'; Build Type 'Release'
OS: 'Windows 10 Home; OS build 19041.985; Version 2004; 64bit' Language: 'ko' Physical Memory: 16315 MB
BatchMode: 1, IsHumanControllingUs: 0, StartBugReporterOnCrash: 0, Is64bit: 1, IsPro: 0

 COMMAND LINE ARGUMENTS:
D:\UnityHub\ULP\2020.2.2f1\Editor\Unity.exe
-adb2
-batchMode
-noUpm
-name
AssetImportWorker2
-projectPath
C:/Users/jam82/Documents/GitHub/classgit-16LeeDongHyeon
-logFile
Logs/AssetImportWorker2.log
-srvPort
6877
Successfully changed project path to: C:/Users/jam82/Documents/GitHub/classgit-16LeeDongHyeon
C:/Users/jam82/Documents/GitHub/classgit-16LeeDongHyeon
Using Asset Import Pipeline V2.
Refreshing native plugins compatible for Editor in 55.18 ms, found 2 plugins.
Preloading 0 native plugins for Editor in 0.00 ms.
Initialize engine version: 2020.2.2f1 (068178b99f32)
[Subsystems] Discovering subsystems at path D:/UnityHub/ULP/2020.2.2f1/Editor/Data/Resources/UnitySubsystems
[Subsystems] Discovering subsystems at path C:/Users/jam82/Documents/GitHub/classgit-16LeeDongHyeon/Assets
GfxDevice: creating device client; threaded=0
Direct3D:
    Version:  Direct3D 11.0 [level 11.1]
    Renderer: NVIDIA GeForce GTX 1660 SUPER (ID=0x21c4)
    Vendor:   
    VRAM:     5991 MB
    Driver:   27.21.14.6647
Initialize mono
Mono path[0] = 'D:/UnityHub/ULP/2020.2.2f1/Editor/Data/Managed'
Mono path[1] = 'D:/UnityHub/ULP/2020.2.2f1/Editor/Data/MonoBleedingEdge/lib/mono/unityjit'
Mono config path = 'D:/UnityHub/ULP/2020.2.2f1/Editor/Data/MonoBleedingEdge/etc'
Using monoOptions --debugger-agent=transport=dt_socket,embedding=1,server=y,suspend=n,address=127.0.0.1:56368
Begin MonoManager ReloadAssembly
Registering precompiled unity dll's ...
Register platform support module: D:/UnityHub/ULP/2020.2.2f1/Editor/Data/PlaybackEngines/WindowsStandaloneSupport/UnityEditor.WindowsStandalone.Extensions.dll
Registered in 0.002033 seconds.
Native extension for WindowsStandalone target not found
Refreshing native plugins compatible for Editor in 45.34 ms, found 2 plugins.
Preloading 0 native plugins for Editor in 0.00 ms.
Invoked RoslynAnalysisRunner static constructor.
RoslynAnalysisRunner will not be running.
RoslynAnalysisRunner has terminated.
Mono: successfully reloaded assembly
- Completed reload, in  2.971 seconds
Platform modules already initialized, skipping
Registering precompiled user dll's ...
Registered in 0.021839 seconds.
Begin MonoManager ReloadAssembly
Native extension for WindowsStandalone target not found
Refreshing native plugins compatible for Editor in 41.15 ms, found 2 plugins.
Preloading 0 native plugins for Editor in 0.00 ms.
Invoked RoslynAnalysisRunner static constructor.
RoslynAnalysisRunner will not be running.
RoslynAnalysisRunner has terminated.
Mono: successfully reloaded assembly
- Completed reload, in  1.267 seconds
Platform modules already initialized, skipping
========================================================================
Worker process is ready to serve import requests
Launched and connected shader compiler UnityShaderCompiler.exe after 0.10 seconds
Refreshing native plugins compatible for Editor in 0.75 ms, found 2 plugins.
Preloading 0 native plugins for Editor in 0.00 ms.
Unloading 1813 Unused Serialized files (Serialized files now loaded: 0)
System memory in use before: 85.3 MB.
System memory in use after: 85.2 MB.

Unloading 40 unused Assets to reduce memory usage. Loaded Objects now: 2273.
Total: 2.428500 ms (FindLiveObjects: 0.260000 ms CreateObjectMapping: 0.045500 ms MarkObjects: 1.959400 ms  DeleteObjects: 0.162500 ms)

========================================================================
Received Import Request.
  path: Assets/Scripts/DataManager.cs
  artifactKey: Guid(40b61a58d0797c24495993b0031df222) Importer(815301076,1909f56bfc062723c751e8b465ee728b)
Start importing Assets/Scripts/DataManager.cs using Guid(40b61a58d0797c24495993b0031df222) Importer(815301076,1909f56bfc062723c751e8b465ee728b)  -> (artifact id: '65afb497631031ebc30488357ddff347') in 0.045996 seconds
  Import took 0.049555 seconds .

========================================================================
Received Prepare
Registering precompiled user dll's ...
Registered in 0.012776 seconds.
Begin MonoManager ReloadAssembly
Native extension for WindowsStandalone target not found
Refreshing native plugins compatible for Editor in 0.71 ms, found 2 plugins.
Preloading 0 native plugins for Editor in 0.00 ms.
Invoked RoslynAnalysisRunner static constructor.
RoslynAnalysisRunner will not be running.
RoslynAnalysisRunner has terminated.
Mono: successfully reloaded assembly
- Completed reload, in  0.910 seconds
Platform modules already initialized, skipping
Refreshing native plugins compatible for Editor in 0.55 ms, found 2 plugins.
Preloading 0 native plugins for Editor in 0.00 ms.
Unloading 1808 Unused Serialized files (Serialized files now loaded: 0)
System memory in use before: 85.3 MB.
System memory in use after: 85.3 MB.

Unloading 28 unused Assets to reduce memory usage. Loaded Objects now: 2276.
Total: 2.220100 ms (FindLiveObjects: 0.227200 ms CreateObjectMapping: 0.041000 ms MarkObjects: 1.841100 ms  DeleteObjects: 0.109500 ms)

========================================================================
Received Import Request.
  Time since last request: 227.900357 seconds.
  path: Assets/Scripts/Player.cs
  artifactKey: Guid(aa72d939829125241b9904441bfeed2c) Importer(815301076,1909f56bfc062723c751e8b465ee728b)
Start importing Assets/Scripts/Player.cs using Guid(aa72d939829125241b9904441bfeed2c) Importer(815301076,1909f56bfc062723c751e8b465ee728b)  -> (artifact id: 'c9d4cc86d58f48787e578951644347db') in 0.101671 seconds
  Import took 0.106842 seconds .

========================================================================
Received Import Request.
  Time since last request: 1.582982 seconds.
  path: Assets/Scripts/Player.cs
  artifactKey: Guid(aa72d939829125241b9904441bfeed2c) Importer(815301076,1909f56bfc062723c751e8b465ee728b)
Start importing Assets/Scripts/Player.cs using Guid(aa72d939829125241b9904441bfeed2c) Importer(815301076,1909f56bfc062723c751e8b465ee728b)  -> (artifact id: 'c9d4cc86d58f48787e578951644347db') in 0.003437 seconds
  Import took 0.006233 seconds .

========================================================================
Received Import Request.
  Time since last request: 22.703890 seconds.
  path: Assets/Scripts/Enemy.cs
  artifactKey: Guid(faf1f866d65eeb540a5c4f0fa09e36da) Importer(815301076,1909f56bfc062723c751e8b465ee728b)
Start importing Assets/Scripts/Enemy.cs using Guid(faf1f866d65eeb540a5c4f0fa09e36da) Importer(815301076,1909f56bfc062723c751e8b465ee728b)  -> (artifact id: 'dbd837e69fe40a41fd4173a581d18ae9') in 0.006705 seconds
  Import took 0.009620 seconds .

========================================================================
Received Prepare
Registering precompiled user dll's ...
Registered in 0.013233 seconds.
Begin MonoManager ReloadAssembly
Native extension for WindowsStandalone target not found
Refreshing native plugins compatible for Editor in 0.58 ms, found 2 plugins.
Preloading 0 native plugins for Editor in 0.00 ms.
Invoked RoslynAnalysisRunner static constructor.
RoslynAnalysisRunner will not be running.
RoslynAnalysisRunner has terminated.
Mono: successfully reloaded assembly
- Completed reload, in  0.873 seconds
Platform modules already initialized, skipping
Refreshing native plugins compatible for Editor in 0.68 ms, found 2 plugins.
Preloading 0 native plugins for Editor in 0.00 ms.
Unloading 1808 Unused Serialized files (Serialized files now loaded: 0)
System memory in use before: 85.4 MB.
System memory in use after: 85.4 MB.

Unloading 28 unused Assets to reduce memory usage. Loaded Objects now: 2279.
Total: 2.167200 ms (FindLiveObjects: 0.266900 ms CreateObjectMapping: 0.044600 ms MarkObjects: 1.742800 ms  DeleteObjects: 0.111600 ms)

========================================================================
Received Import Request.
  Time since last request: 181.125342 seconds.
  path: Assets/Button/flatLight22.png
  artifactKey: Guid(75be28ffd2eaddc4f986cd26e0a522c6) Importer(815301076,1909f56bfc062723c751e8b465ee728b)
Start importing Assets/Button/flatLight22.png using Guid(75be28ffd2eaddc4f986cd26e0a522c6) Importer(815301076,1909f56bfc062723c751e8b465ee728b)  -> (artifact id: '1f09262b4db08d1df77629b0eb2444ed') in 0.636368 seconds
  Import took 0.639772 seconds .

========================================================================
Received Import Request.
  Time since last request: 0.000285 seconds.
  path: Assets/Button/flatLight43.png
  artifactKey: Guid(0dd20dcfe7622114d87bc6074f743b9f) Importer(815301076,1909f56bfc062723c751e8b465ee728b)
Start importing Assets/Button/flatLight43.png using Guid(0dd20dcfe7622114d87bc6074f743b9f) Importer(815301076,1909f56bfc062723c751e8b465ee728b)  -> (artifact id: '9620635a5de0170f3b6572f5b6f4de60') in 0.013185 seconds
  Import took 0.016295 seconds .

========================================================================
Received Import Request.
  Time since last request: 0.000272 seconds.
  path: Assets/Button/flatLight23.png
  artifactKey: Guid(b7dada46586592a41bdef84801011771) Importer(815301076,1909f56bfc062723c751e8b465ee728b)
Start importing Assets/Button/flatLight23.png using Guid(b7dada46586592a41bdef84801011771) Importer(815301076,1909f56bfc062723c751e8b465ee728b)  -> (artifact id: 'ba117abb40ea503593dbfd1a790c16ad') in 0.012347 seconds
  Import took 0.015533 seconds .

========================================================================
Received Import Request.
  Time since last request: 0.000252 seconds.
  path: Assets/Button/flatLight47.png
  artifactKey: Guid(be12c31e42fc56a4c89298acf0204ac7) Importer(815301076,1909f56bfc062723c751e8b465ee728b)
Start importing Assets/Button/flatLight47.png using Guid(be12c31e42fc56a4c89298acf0204ac7) Importer(815301076,1909f56bfc062723c751e8b465ee728b)  -> (artifact id: '1e8c8e352b3a7a67205e298b9b23cd93') in 0.013468 seconds
  Import took 0.016093 seconds .

========================================================================
Received Import Request.
  Time since last request: 18.537105 seconds.
  path: Assets/UI/UI.png
  artifactKey: Guid(97a29910c29874d4b81c6d43b7ff37c6) Importer(815301076,1909f56bfc062723c751e8b465ee728b)
Start importing Assets/UI/UI.png using Guid(97a29910c29874d4b81c6d43b7ff37c6) Importer(815301076,1909f56bfc062723c751e8b465ee728b)  -> (artifact id: '9b8ffdcd186f55a402ca6f754da66469') in 0.014614 seconds
  Import took 0.018059 seconds .

========================================================================
Received Import Request.
  Time since last request: 7.637277 seconds.
  path: Assets/UI/UI.png
  artifactKey: Guid(97a29910c29874d4b81c6d43b7ff37c6) Importer(815301076,1909f56bfc062723c751e8b465ee728b)
Start importing Assets/UI/UI.png using Guid(97a29910c29874d4b81c6d43b7ff37c6) Importer(815301076,1909f56bfc062723c751e8b465ee728b)  -> (artifact id: 'da9b73449ec48b5661752e3321521d5b') in 0.052225 seconds
  Import took 0.055561 seconds .

========================================================================
Received Import Request.
  Time since last request: 9.594159 seconds.
  path: Packages/com.unity.2d.sprite/Editor/ObjectMenuCreation/DefaultAssets/Textures/9-Sliced.png
  artifactKey: Guid(cc35afd292fc349128b36a291fb3a165) Importer(815301076,1909f56bfc062723c751e8b465ee728b)
Start importing Packages/com.unity.2d.sprite/Editor/ObjectMenuCreation/DefaultAssets/Textures/9-Sliced.png using Guid(cc35afd292fc349128b36a291fb3a165) Importer(815301076,1909f56bfc062723c751e8b465ee728b)  -> (artifact id: '64069edb0d1ab2f71bb11881e01b8f5d') in 0.228645 seconds
  Import took 0.236943 seconds .

========================================================================
Received Import Request.
  Time since last request: 0.000974 seconds.
  path: Packages/com.unity.2d.sprite/Editor/ObjectMenuCreation/DefaultAssets/Textures/HexagonPointed-Top.png
  artifactKey: Guid(4b2a04fdbe0ef4d8da8f90eaca817cd1) Importer(815301076,1909f56bfc062723c751e8b465ee728b)
Start importing Packages/com.unity.2d.sprite/Editor/ObjectMenuCreation/DefaultAssets/Textures/HexagonPointed-Top.png using Guid(4b2a04fdbe0ef4d8da8f90eaca817cd1) Importer(815301076,1909f56bfc062723c751e8b465ee728b)  -> (artifact id: '3c1fcd5aa210a7d53c1c26bacadd4a87') in 0.051827 seconds
  Import took 0.058237 seconds .

========================================================================
Received Import Request.
  Time since last request: 0.000274 seconds.
  path: Packages/com.unity.2d.sprite/Editor/ObjectMenuCreation/DefaultAssets/Textures/HexagonFlat-Top.png
  artifactKey: Guid(a9716c16a44a94eed9b5c90fbf4d9bdd) Importer(815301076,1909f56bfc062723c751e8b465ee728b)
Start importing Packages/com.unity.2d.sprite/Editor/ObjectMenuCreation/DefaultAssets/Textures/HexagonFlat-Top.png using Guid(a9716c16a44a94eed9b5c90fbf4d9bdd) Importer(815301076,1909f56bfc062723c751e8b465ee728b)  -> (artifact id: '4cf9991b5c2fd964f2b4337cc969e3fd') in 0.021959 seconds
  Import took 0.025873 seconds .

========================================================================
Received Import Request.
  Time since last request: 0.000252 seconds.
  path: Packages/com.unity.2d.sprite/Editor/ObjectMenuCreation/DefaultAssets/Textures/CircleMask.png
  artifactKey: Guid(87aaca0a643d54397ba969dab4fc8875) Importer(815301076,1909f56bfc062723c751e8b465ee728b)
Start importing Packages/com.unity.2d.sprite/Editor/ObjectMenuCreation/DefaultAssets/Textures/CircleMask.png using Guid(87aaca0a643d54397ba969dab4fc8875) Importer(815301076,1909f56bfc062723c751e8b465ee728b)  -> (artifact id: '994fe5df618b5240ea1409e93590ed73') in 0.021325 seconds
  Import took 0.024550 seconds .

========================================================================
Received Import Request.
  Time since last request: 0.000277 seconds.
  path: Packages/com.unity.2d.sprite/Editor/ObjectMenuCreation/DefaultAssets/Textures/9-Sliced.png
  artifactKey: Guid(cc35afd292fc349128b36a291fb3a165) Importer(815301076,1909f56bfc062723c751e8b465ee728b)
Start importing Packages/com.unity.2d.sprite/Editor/ObjectMenuCreation/DefaultAssets/Textures/9-Sliced.png using Guid(cc35afd292fc349128b36a291fb3a165) Importer(815301076,1909f56bfc062723c751e8b465ee728b)  -> (artifact id: '64069edb0d1ab2f71bb11881e01b8f5d') in 0.009704 seconds
  Import took 0.012456 seconds .

========================================================================
Received Import Request.
  Time since last request: 0.000264 seconds.
  path: Packages/com.unity.2d.sprite/Editor/ObjectMenuCreation/DefaultAssets/Textures/Circle.png
  artifactKey: Guid(4adeaf2d2b1c7417e89f026626d8264f) Importer(815301076,1909f56bfc062723c751e8b465ee728b)
Start importing Packages/com.unity.2d.sprite/Editor/ObjectMenuCreation/DefaultAssets/Textures/Circle.png using Guid(4adeaf2d2b1c7417e89f026626d8264f) Importer(815301076,1909f56bfc062723c751e8b465ee728b)  -> (artifact id: 'a8946835292d651ed81a7f0d2e529351') in 0.020717 seconds
  Import took 0.023563 seconds .

========================================================================
Received Import Request.
  Time since last request: 0.000256 seconds.
  path: Packages/com.unity.2d.sprite/Editor/ObjectMenuCreation/DefaultAssets/Textures/Capsule.png
  artifactKey: Guid(34587324d412940a79d530020c957dc0) Importer(815301076,1909f56bfc062723c751e8b465ee728b)
Start importing Packages/com.unity.2d.sprite/Editor/ObjectMenuCreation/DefaultAssets/Textures/Capsule.png using Guid(34587324d412940a79d530020c957dc0) Importer(815301076,1909f56bfc062723c751e8b465ee728b)  -> (artifact id: 'e6d2881e6ad35f729ad5e8053e3dc510') in 0.023657 seconds
  Import took 0.026218 seconds .

========================================================================
Received Import Request.
  Time since last request: 0.000224 seconds.
  path: Packages/com.unity.2d.sprite/Editor/ObjectMenuCreation/DefaultAssets/Textures/IsometricDiamond.png
  artifactKey: Guid(0d267bc78a0864eb48358689b29ed20a) Importer(815301076,1909f56bfc062723c751e8b465ee728b)
Start importing Packages/com.unity.2d.sprite/Editor/ObjectMenuCreation/DefaultAssets/Textures/IsometricDiamond.png using Guid(0d267bc78a0864eb48358689b29ed20a) Importer(815301076,1909f56bfc062723c751e8b465ee728b)  -> (artifact id: '7e597a4bda9b545913df78bde0a13a83') in 0.019394 seconds
  Import took 0.022057 seconds .

========================================================================
Received Import Request.
  Time since last request: 381.140139 seconds.
  path: Assets/Macro/Enemy.asset
  artifactKey: Guid(f6d8e827e0713a9479273ed1682f4cda) Importer(815301076,1909f56bfc062723c751e8b465ee728b)
Start importing Assets/Macro/Enemy.asset using Guid(f6d8e827e0713a9479273ed1682f4cda) Importer(815301076,1909f56bfc062723c751e8b465ee728b)  -> (artifact id: 'b8cdf5642cd497db9113db893d5c8d81') in 0.849322 seconds
  Import took 0.852798 seconds .

========================================================================
Received Import Request.
  Time since last request: 14.960109 seconds.
  path: Assets/Scripts/UIManager.cs
  artifactKey: Guid(0120d99e1c04f3744bc40d6400ae3d6a) Importer(815301076,1909f56bfc062723c751e8b465ee728b)
Start importing Assets/Scripts/UIManager.cs using Guid(0120d99e1c04f3744bc40d6400ae3d6a) Importer(815301076,1909f56bfc062723c751e8b465ee728b)  -> (artifact id: 'e4c6035fd0f90877b4190c419d8a27ea') in 0.007428 seconds
  Import took 0.010514 seconds .

========================================================================
Received Import Request.
  Time since last request: 0.000727 seconds.
  path: Assets/Scripts/UIManager.cs
  artifactKey: Guid(0120d99e1c04f3744bc40d6400ae3d6a) Importer(815301076,1909f56bfc062723c751e8b465ee728b)
Start importing Assets/Scripts/UIManager.cs using Guid(0120d99e1c04f3744bc40d6400ae3d6a) Importer(815301076,1909f56bfc062723c751e8b465ee728b)  -> (artifact id: 'e4c6035fd0f90877b4190c419d8a27ea') in 0.003497 seconds
  Import took 0.006306 seconds .

========================================================================
Received Prepare
Registering precompiled user dll's ...
Registered in 0.013149 seconds.
Begin MonoManager ReloadAssembly
Native extension for WindowsStandalone target not found
Refreshing native plugins compatible for Editor in 0.61 ms, found 2 plugins.
Preloading 0 native plugins for Editor in 0.00 ms.
Invoked RoslynAnalysisRunner static constructor.
RoslynAnalysisRunner will not be running.
RoslynAnalysisRunner has terminated.
Mono: successfully reloaded assembly
- Completed reload, in  1.405 seconds
Platform modules already initialized, skipping
Refreshing native plugins compatible for Editor in 2.09 ms, found 2 plugins.
Preloading 0 native plugins for Editor in 0.00 ms.
Unloading 1809 Unused Serialized files (Serialized files now loaded: 0)
System memory in use before: 88.7 MB.
System memory in use after: 88.7 MB.

Unloading 28 unused Assets to reduce memory usage. Loaded Objects now: 2337.
Total: 15.638100 ms (FindLiveObjects: 0.378200 ms CreateObjectMapping: 0.059700 ms MarkObjects: 14.991200 ms  DeleteObjects: 0.206500 ms)

========================================================================
Received Import Request.
  Time since last request: 82.041580 seconds.
  path: Assets/Scripts/UIManager.cs
  artifactKey: Guid(0120d99e1c04f3744bc40d6400ae3d6a) Importer(815301076,1909f56bfc062723c751e8b465ee728b)
Start importing Assets/Scripts/UIManager.cs using Guid(0120d99e1c04f3744bc40d6400ae3d6a) Importer(815301076,1909f56bfc062723c751e8b465ee728b)  -> (artifact id: 'f4823b81c0b02a7ce33f9a737b11dffd') in 0.005631 seconds
  Import took 0.008499 seconds .

========================================================================
Received Import Request.
  Time since last request: 0.014849 seconds.
  path: Assets/Scripts/UIManager.cs
  artifactKey: Guid(0120d99e1c04f3744bc40d6400ae3d6a) Importer(815301076,1909f56bfc062723c751e8b465ee728b)
Start importing Assets/Scripts/UIManager.cs using Guid(0120d99e1c04f3744bc40d6400ae3d6a) Importer(815301076,1909f56bfc062723c751e8b465ee728b)  -> (artifact id: 'f4823b81c0b02a7ce33f9a737b11dffd') in 0.003169 seconds
  Import took 0.006262 seconds .

========================================================================
Received Prepare
Registering precompiled user dll's ...
Registered in 0.012488 seconds.
Begin MonoManager ReloadAssembly
Native extension for WindowsStandalone target not found
Refreshing native plugins compatible for Editor in 0.54 ms, found 2 plugins.
Preloading 0 native plugins for Editor in 0.00 ms.
Invoked RoslynAnalysisRunner static constructor.
RoslynAnalysisRunner will not be running.
RoslynAnalysisRunner has terminated.
Mono: successfully reloaded assembly
- Completed reload, in  0.978 seconds
Platform modules already initialized, skipping
Refreshing native plugins compatible for Editor in 0.62 ms, found 2 plugins.
Preloading 0 native plugins for Editor in 0.00 ms.
Unloading 1809 Unused Serialized files (Serialized files now loaded: 0)
System memory in use before: 88.8 MB.
System memory in use after: 88.8 MB.

Unloading 28 unused Assets to reduce memory usage. Loaded Objects now: 2340.
Total: 2.134300 ms (FindLiveObjects: 0.232600 ms CreateObjectMapping: 0.041500 ms MarkObjects: 1.741400 ms  DeleteObjects: 0.117800 ms)

========================================================================
Received Import Request.
  Time since last request: 99.100247 seconds.
  path: Assets/Scripts/UIManager.cs
  artifactKey: Guid(0120d99e1c04f3744bc40d6400ae3d6a) Importer(815301076,1909f56bfc062723c751e8b465ee728b)
Start importing Assets/Scripts/UIManager.cs using Guid(0120d99e1c04f3744bc40d6400ae3d6a) Importer(815301076,1909f56bfc062723c751e8b465ee728b)  -> (artifact id: '463da63309493fa76c3c3139d762f98f') in 0.006268 seconds
  Import took 0.009845 seconds .

========================================================================
Received Prepare
Registering precompiled user dll's ...
Registered in 0.011749 seconds.
Begin MonoManager ReloadAssembly
Native extension for WindowsStandalone target not found
Refreshing native plugins compatible for Editor in 0.53 ms, found 2 plugins.
Preloading 0 native plugins for Editor in 0.00 ms.
Invoked RoslynAnalysisRunner static constructor.
RoslynAnalysisRunner will not be running.
RoslynAnalysisRunner has terminated.
Mono: successfully reloaded assembly
- Completed reload, in  0.839 seconds
Platform modules already initialized, skipping
Refreshing native plugins compatible for Editor in 0.57 ms, found 2 plugins.
Preloading 0 native plugins for Editor in 0.00 ms.
Unloading 1809 Unused Serialized files (Serialized files now loaded: 0)
System memory in use before: 88.8 MB.
System memory in use after: 88.8 MB.

Unloading 28 unused Assets to reduce memory usage. Loaded Objects now: 2343.
Total: 2.076200 ms (FindLiveObjects: 0.315300 ms CreateObjectMapping: 0.042500 ms MarkObjects: 1.608600 ms  DeleteObjects: 0.108400 ms)

========================================================================
Received Import Request.
  Time since last request: 1231.057830 seconds.
  path: ProjectSettings/TagManager.asset
  artifactKey: Guid(00000000000000003000000000000000) Importer(815301076,1909f56bfc062723c751e8b465ee728b)
Start importing ProjectSettings/TagManager.asset using Guid(00000000000000003000000000000000) Importer(815301076,1909f56bfc062723c751e8b465ee728b)  -> (artifact id: '7a4e49720d4364175181839f39d7d3a4') in 0.017827 seconds
  Import took 0.021204 seconds .

========================================================================
Received Import Request.
  Time since last request: 0.002627 seconds.
  path: ProjectSettings/TagManager.asset
  artifactKey: Guid(00000000000000003000000000000000) Importer(815301076,1909f56bfc062723c751e8b465ee728b)
Start importing ProjectSettings/TagManager.asset using Guid(00000000000000003000000000000000) Importer(815301076,1909f56bfc062723c751e8b465ee728b)  -> (artifact id: '7a4e49720d4364175181839f39d7d3a4') in 0.004076 seconds
  Import took 0.007341 seconds .

========================================================================
Received Import Request.
  Time since last request: 8.810175 seconds.
  path: ProjectSettings/TagManager.asset
  artifactKey: Guid(00000000000000003000000000000000) Importer(815301076,1909f56bfc062723c751e8b465ee728b)
Start importing ProjectSettings/TagManager.asset using Guid(00000000000000003000000000000000) Importer(815301076,1909f56bfc062723c751e8b465ee728b)  -> (artifact id: '799004985078c3444766b9530d9059c0') in 0.003577 seconds
  Import took 0.006855 seconds .

AssetImportWorkerClient::OnTransportError - code=2 error=End of file
