Using pre-set license
Built from '2020.2/release' branch; Version is '2020.2.2f1 (068178b99f32) revision 426360'; Using compiler version '192528614'; Build Type 'Release'
OS: 'Windows 10 Home; OS build 19041.985; Version 2004; 64bit' Language: 'ko' Physical Memory: 8106 MB
BatchMode: 1, IsHumanControllingUs: 0, StartBugReporterOnCrash: 0, Is64bit: 1, IsPro: 0

 COMMAND LINE ARGUMENTS:
C:\Program Files\Unity\Hub\Editor\2020.2.2f1\Editor\Unity.exe
-adb2
-batchMode
-noUpm
-name
AssetImportWorker0
-projectPath
C:/Users/rkwhr/Desktop/2DGame_Project/2DGame
-logFile
Logs/AssetImportWorker0.log
-srvPort
1557
Successfully changed project path to: C:/Users/rkwhr/Desktop/2DGame_Project/2DGame
C:/Users/rkwhr/Desktop/2DGame_Project/2DGame
Using Asset Import Pipeline V2.
Refreshing native plugins compatible for Editor in 139.24 ms, found 2 plugins.
Preloading 0 native plugins for Editor in 0.00 ms.
Initialize engine version: 2020.2.2f1 (068178b99f32)
[Subsystems] Discovering subsystems at path C:/Program Files/Unity/Hub/Editor/2020.2.2f1/Editor/Data/Resources/UnitySubsystems
[Subsystems] Discovering subsystems at path C:/Users/rkwhr/Desktop/2DGame_Project/2DGame/Assets
GfxDevice: creating device client; threaded=0
Direct3D:
    Version:  Direct3D 11.0 [level 11.1]
    Renderer: NVIDIA GeForce GTX 1050 Ti (ID=0x1c8c)
    Vendor:   
    VRAM:     4018 MB
    Driver:   26.21.14.4587
Initialize mono
Mono path[0] = 'C:/Program Files/Unity/Hub/Editor/2020.2.2f1/Editor/Data/Managed'
Mono path[1] = 'C:/Program Files/Unity/Hub/Editor/2020.2.2f1/Editor/Data/MonoBleedingEdge/lib/mono/unityjit'
Mono config path = 'C:/Program Files/Unity/Hub/Editor/2020.2.2f1/Editor/Data/MonoBleedingEdge/etc'
Using monoOptions --debugger-agent=transport=dt_socket,embedding=1,server=y,suspend=n,address=127.0.0.1:56196
Begin MonoManager ReloadAssembly
Registering precompiled unity dll's ...
Register platform support module: C:/Program Files/Unity/Hub/Editor/2020.2.2f1/Editor/Data/PlaybackEngines/WindowsStandaloneSupport/UnityEditor.WindowsStandalone.Extensions.dll
Registered in 0.008587 seconds.
Native extension for WindowsStandalone target not found
Refreshing native plugins compatible for Editor in 75.82 ms, found 2 plugins.
Preloading 0 native plugins for Editor in 0.00 ms.
Invoked RoslynAnalysisRunner static constructor.
RoslynAnalysisRunner will not be running.
RoslynAnalysisRunner has terminated.
Mono: successfully reloaded assembly
- Completed reload, in  8.685 seconds
Platform modules already initialized, skipping
Registering precompiled user dll's ...
Registered in 0.145550 seconds.
Begin MonoManager ReloadAssembly
Native extension for WindowsStandalone target not found
Refreshing native plugins compatible for Editor in 54.70 ms, found 2 plugins.
Preloading 0 native plugins for Editor in 0.00 ms.
Invoked RoslynAnalysisRunner static constructor.
RoslynAnalysisRunner will not be running.
RoslynAnalysisRunner has terminated.
Mono: successfully reloaded assembly
- Completed reload, in  2.396 seconds
Platform modules already initialized, skipping
========================================================================
Worker process is ready to serve import requests
Launched and connected shader compiler UnityShaderCompiler.exe after 0.11 seconds
Refreshing native plugins compatible for Editor in 0.54 ms, found 2 plugins.
Preloading 0 native plugins for Editor in 0.00 ms.
Unloading 1811 Unused Serialized files (Serialized files now loaded: 0)
System memory in use before: 87.9 MB.
System memory in use after: 87.9 MB.

Unloading 40 unused Assets to reduce memory usage. Loaded Objects now: 2271.
Total: 2.350300 ms (FindLiveObjects: 0.210700 ms CreateObjectMapping: 0.080300 ms MarkObjects: 1.898500 ms  DeleteObjects: 0.158600 ms)

========================================================================
Received Import Request.
  path: Assets/Sound/NewAudioMixer.mixer
  artifactKey: Guid(cd70568ab37bbfb4690b96da6f64c231) Importer(815301076,1909f56bfc062723c751e8b465ee728b)
Start importing Assets/Sound/NewAudioMixer.mixer using Guid(cd70568ab37bbfb4690b96da6f64c231) Importer(815301076,1909f56bfc062723c751e8b465ee728b)  -> (artifact id: '365b01fb1f2eaae3ab771cebdd71668f') in 0.095847 seconds
  Import took 0.101214 seconds .

========================================================================
Received Import Request.
  Time since last request: 0.696116 seconds.
  path: ProjectSettings/TagManager.asset
  artifactKey: Guid(00000000000000003000000000000000) Importer(815301076,1909f56bfc062723c751e8b465ee728b)
Start importing ProjectSettings/TagManager.asset using Guid(00000000000000003000000000000000) Importer(815301076,1909f56bfc062723c751e8b465ee728b)  -> (artifact id: '782a5ad0f0d15ef7aa0940046f961b57') in 0.075371 seconds
  Import took 0.084507 seconds .

========================================================================
Received Import Request.
  Time since last request: 9.798530 seconds.
  path: Assets/Prefab/Bullet.prefab
  artifactKey: Guid(7513d8a00064cc149a2ae8a8a922a1f8) Importer(815301076,1909f56bfc062723c751e8b465ee728b)
Start importing Assets/Prefab/Bullet.prefab using Guid(7513d8a00064cc149a2ae8a8a922a1f8) Importer(815301076,1909f56bfc062723c751e8b465ee728b)  -> (artifact id: '44f521b2492f5f56ae1de846af0072dc') in 2.471950 seconds
  Import took 2.477510 seconds .

========================================================================
Received Import Request.
  Time since last request: 0.661407 seconds.
  path: Assets/Prefab/Bullet (1).prefab
  artifactKey: Guid(c97ca3574a2d9d24183634e3e557d1d9) Importer(815301076,1909f56bfc062723c751e8b465ee728b)
Start importing Assets/Prefab/Bullet (1).prefab using Guid(c97ca3574a2d9d24183634e3e557d1d9) Importer(815301076,1909f56bfc062723c751e8b465ee728b)  -> (artifact id: 'e91bc8dd02fb584cedfbd600d3843274') in 0.033008 seconds
  Import took 0.041458 seconds .

========================================================================
Received Import Request.
  Time since last request: 854.386836 seconds.
  path: Assets/Prefab/Bullet.prefab
  artifactKey: Guid(7513d8a00064cc149a2ae8a8a922a1f8) Importer(815301076,1909f56bfc062723c751e8b465ee728b)
Start importing Assets/Prefab/Bullet.prefab using Guid(7513d8a00064cc149a2ae8a8a922a1f8) Importer(815301076,1909f56bfc062723c751e8b465ee728b)  -> (artifact id: '1a63eba06e2fa14f4cf4081139bd382c') in 0.030193 seconds
  Import took 0.041535 seconds .

========================================================================
Received Import Request.
  Time since last request: 35.916738 seconds.
  path: Assets/Prefab/Bullet.prefab
  artifactKey: Guid(7513d8a00064cc149a2ae8a8a922a1f8) Importer(815301076,1909f56bfc062723c751e8b465ee728b)
Start importing Assets/Prefab/Bullet.prefab using Guid(7513d8a00064cc149a2ae8a8a922a1f8) Importer(815301076,1909f56bfc062723c751e8b465ee728b)  -> (artifact id: '06dbc448163197030ec97d6766ee4220') in 0.064251 seconds
  Import took 0.073003 seconds .

========================================================================
Received Prepare
Registering precompiled user dll's ...
Registered in 0.054166 seconds.
Begin MonoManager ReloadAssembly
Native extension for WindowsStandalone target not found
Refreshing native plugins compatible for Editor in 0.90 ms, found 2 plugins.
Preloading 0 native plugins for Editor in 0.00 ms.
Invoked RoslynAnalysisRunner static constructor.
RoslynAnalysisRunner will not be running.
RoslynAnalysisRunner has terminated.
Mono: successfully reloaded assembly
- Completed reload, in  2.786 seconds
Platform modules already initialized, skipping
Refreshing native plugins compatible for Editor in 3.22 ms, found 2 plugins.
Preloading 0 native plugins for Editor in 0.00 ms.
Unloading 1806 Unused Serialized files (Serialized files now loaded: 0)
System memory in use before: 91.0 MB.
System memory in use after: 91.0 MB.

Unloading 29 unused Assets to reduce memory usage. Loaded Objects now: 2281.
Total: 3.779000 ms (FindLiveObjects: 0.267000 ms CreateObjectMapping: 0.135400 ms MarkObjects: 3.253100 ms  DeleteObjects: 0.121000 ms)

========================================================================
Received Import Request.
  Time since last request: 83.826166 seconds.
  path: Assets/Ani/Enemy_Death.anim
  artifactKey: Guid(9219ce4563d9b874cb2874192dd6b0a3) Importer(815301076,1909f56bfc062723c751e8b465ee728b)
Start importing Assets/Ani/Enemy_Death.anim using Guid(9219ce4563d9b874cb2874192dd6b0a3) Importer(815301076,1909f56bfc062723c751e8b465ee728b)  -> (artifact id: '9f7a0ad25af42fc3ac419049c693f8de') in 0.040251 seconds
  Import took 0.045884 seconds .

========================================================================
Received Import Request.
  Time since last request: 0.001130 seconds.
  path: Assets/Ani/Enemy_Death.anim
  artifactKey: Guid(9219ce4563d9b874cb2874192dd6b0a3) Importer(815301076,1909f56bfc062723c751e8b465ee728b)
Start importing Assets/Ani/Enemy_Death.anim using Guid(9219ce4563d9b874cb2874192dd6b0a3) Importer(815301076,1909f56bfc062723c751e8b465ee728b)  -> (artifact id: '9f7a0ad25af42fc3ac419049c693f8de') in 0.015091 seconds
  Import took 0.019910 seconds .

========================================================================
Received Prepare
Registering precompiled user dll's ...
Registered in 0.056102 seconds.
Begin MonoManager ReloadAssembly
Native extension for WindowsStandalone target not found
Refreshing native plugins compatible for Editor in 1.68 ms, found 2 plugins.
Preloading 0 native plugins for Editor in 0.00 ms.
Invoked RoslynAnalysisRunner static constructor.
RoslynAnalysisRunner will not be running.
RoslynAnalysisRunner has terminated.
Mono: successfully reloaded assembly
- Completed reload, in  2.927 seconds
Platform modules already initialized, skipping
Refreshing native plugins compatible for Editor in 0.84 ms, found 2 plugins.
Preloading 0 native plugins for Editor in 0.00 ms.
Unloading 1806 Unused Serialized files (Serialized files now loaded: 0)
System memory in use before: 91.1 MB.
System memory in use after: 91.1 MB.

Unloading 28 unused Assets to reduce memory usage. Loaded Objects now: 2284.
Total: 3.671000 ms (FindLiveObjects: 0.474700 ms CreateObjectMapping: 0.129400 ms MarkObjects: 2.943200 ms  DeleteObjects: 0.120400 ms)

========================================================================
Received Import Request.
  Time since last request: 69.882295 seconds.
  path: Assets/Prefab/Bullet (1).prefab
  artifactKey: Guid(c97ca3574a2d9d24183634e3e557d1d9) Importer(815301076,1909f56bfc062723c751e8b465ee728b)
Start importing Assets/Prefab/Bullet (1).prefab using Guid(c97ca3574a2d9d24183634e3e557d1d9) Importer(815301076,1909f56bfc062723c751e8b465ee728b)  -> (artifact id: 'd2b4d01148deadd65316b9cdefc4221f') in 0.189961 seconds
  Import took 0.200248 seconds .

========================================================================
Received Prepare
Registering precompiled user dll's ...
Registered in 0.102237 seconds.
Begin MonoManager ReloadAssembly
Native extension for WindowsStandalone target not found
Refreshing native plugins compatible for Editor in 0.55 ms, found 2 plugins.
Preloading 0 native plugins for Editor in 0.00 ms.
Invoked RoslynAnalysisRunner static constructor.
RoslynAnalysisRunner will not be running.
RoslynAnalysisRunner has terminated.
Mono: successfully reloaded assembly
- Completed reload, in  3.524 seconds
Platform modules already initialized, skipping
Refreshing native plugins compatible for Editor in 0.79 ms, found 2 plugins.
Preloading 0 native plugins for Editor in 0.00 ms.
Unloading 1806 Unused Serialized files (Serialized files now loaded: 0)
System memory in use before: 91.2 MB.
System memory in use after: 91.2 MB.

Unloading 28 unused Assets to reduce memory usage. Loaded Objects now: 2288.
Total: 6.072800 ms (FindLiveObjects: 0.482200 ms CreateObjectMapping: 0.122300 ms MarkObjects: 5.334500 ms  DeleteObjects: 0.131800 ms)

========================================================================
Received Prepare
Registering precompiled user dll's ...
Registered in 0.053007 seconds.
Begin MonoManager ReloadAssembly
Native extension for WindowsStandalone target not found
Refreshing native plugins compatible for Editor in 1.22 ms, found 2 plugins.
Preloading 0 native plugins for Editor in 0.00 ms.
Invoked RoslynAnalysisRunner static constructor.
RoslynAnalysisRunner will not be running.
RoslynAnalysisRunner has terminated.
Mono: successfully reloaded assembly
- Completed reload, in  2.810 seconds
Platform modules already initialized, skipping
Refreshing native plugins compatible for Editor in 0.58 ms, found 2 plugins.
Preloading 0 native plugins for Editor in 0.00 ms.
Unloading 1806 Unused Serialized files (Serialized files now loaded: 0)
System memory in use before: 91.3 MB.
System memory in use after: 91.3 MB.

Unloading 28 unused Assets to reduce memory usage. Loaded Objects now: 2291.
Total: 9.996000 ms (FindLiveObjects: 0.488600 ms CreateObjectMapping: 0.146000 ms MarkObjects: 8.860200 ms  DeleteObjects: 0.498200 ms)

========================================================================
Received Prepare
Registering precompiled user dll's ...
Registered in 0.063544 seconds.
Begin MonoManager ReloadAssembly
Native extension for WindowsStandalone target not found
Refreshing native plugins compatible for Editor in 0.56 ms, found 2 plugins.
Preloading 0 native plugins for Editor in 0.00 ms.
Invoked RoslynAnalysisRunner static constructor.
RoslynAnalysisRunner will not be running.
RoslynAnalysisRunner has terminated.
Mono: successfully reloaded assembly
- Completed reload, in  2.687 seconds
Platform modules already initialized, skipping
Refreshing native plugins compatible for Editor in 0.57 ms, found 2 plugins.
Preloading 0 native plugins for Editor in 0.00 ms.
Unloading 1806 Unused Serialized files (Serialized files now loaded: 0)
System memory in use before: 91.4 MB.
System memory in use after: 91.4 MB.

Unloading 28 unused Assets to reduce memory usage. Loaded Objects now: 2294.
Total: 4.033600 ms (FindLiveObjects: 0.262800 ms CreateObjectMapping: 0.132600 ms MarkObjects: 2.908600 ms  DeleteObjects: 0.727300 ms)

========================================================================
Received Prepare
Registering precompiled user dll's ...
Registered in 0.058614 seconds.
Begin MonoManager ReloadAssembly
Native extension for WindowsStandalone target not found
Refreshing native plugins compatible for Editor in 0.91 ms, found 2 plugins.
Preloading 0 native plugins for Editor in 0.00 ms.
Invoked RoslynAnalysisRunner static constructor.
RoslynAnalysisRunner will not be running.
RoslynAnalysisRunner has terminated.
Mono: successfully reloaded assembly
- Completed reload, in  3.412 seconds
Platform modules already initialized, skipping
Refreshing native plugins compatible for Editor in 0.85 ms, found 2 plugins.
Preloading 0 native plugins for Editor in 0.00 ms.
Unloading 1806 Unused Serialized files (Serialized files now loaded: 0)
System memory in use before: 91.5 MB.
System memory in use after: 91.5 MB.

Unloading 28 unused Assets to reduce memory usage. Loaded Objects now: 2297.
Total: 4.356400 ms (FindLiveObjects: 0.406400 ms CreateObjectMapping: 0.135400 ms MarkObjects: 3.259100 ms  DeleteObjects: 0.552000 ms)

========================================================================
Received Import Request.
  Time since last request: 823.607064 seconds.
  path: Assets/Scripts/Enemy.cs
  artifactKey: Guid(faf1f866d65eeb540a5c4f0fa09e36da) Importer(815301076,1909f56bfc062723c751e8b465ee728b)
Start importing Assets/Scripts/Enemy.cs using Guid(faf1f866d65eeb540a5c4f0fa09e36da) Importer(815301076,1909f56bfc062723c751e8b465ee728b)  -> (artifact id: '90841dc06c385323516f7a65ac97aa1c') in 0.799268 seconds
  Import took 0.816366 seconds .

========================================================================
Received Prepare
Registering precompiled user dll's ...
Registered in 0.980942 seconds.
Begin MonoManager ReloadAssembly
Native extension for WindowsStandalone target not found
Refreshing native plugins compatible for Editor in 2.63 ms, found 2 plugins.
Preloading 0 native plugins for Editor in 0.00 ms.
Invoked RoslynAnalysisRunner static constructor.
RoslynAnalysisRunner will not be running.
RoslynAnalysisRunner has terminated.
Mono: successfully reloaded assembly
- Completed reload, in  3.573 seconds
Platform modules already initialized, skipping
Refreshing native plugins compatible for Editor in 0.84 ms, found 2 plugins.
Preloading 0 native plugins for Editor in 0.00 ms.
Unloading 1807 Unused Serialized files (Serialized files now loaded: 0)
System memory in use before: 91.6 MB.
System memory in use after: 91.6 MB.

Unloading 28 unused Assets to reduce memory usage. Loaded Objects now: 2301.
Total: 3.829500 ms (FindLiveObjects: 0.403700 ms CreateObjectMapping: 0.396500 ms MarkObjects: 2.868500 ms  DeleteObjects: 0.158900 ms)

========================================================================
Received Prepare
Registering precompiled user dll's ...
Registered in 0.069872 seconds.
Begin MonoManager ReloadAssembly
Native extension for WindowsStandalone target not found
Refreshing native plugins compatible for Editor in 0.69 ms, found 2 plugins.
Preloading 0 native plugins for Editor in 0.00 ms.
Invoked RoslynAnalysisRunner static constructor.
RoslynAnalysisRunner will not be running.
RoslynAnalysisRunner has terminated.
Mono: successfully reloaded assembly
- Completed reload, in  3.942 seconds
Platform modules already initialized, skipping
Refreshing native plugins compatible for Editor in 0.77 ms, found 2 plugins.
Preloading 0 native plugins for Editor in 0.00 ms.
Unloading 1807 Unused Serialized files (Serialized files now loaded: 0)
System memory in use before: 91.6 MB.
System memory in use after: 91.6 MB.

Unloading 28 unused Assets to reduce memory usage. Loaded Objects now: 2304.
Total: 3.537000 ms (FindLiveObjects: 0.327300 ms CreateObjectMapping: 0.121500 ms MarkObjects: 2.368000 ms  DeleteObjects: 0.718400 ms)

========================================================================
Received Prepare
Registering precompiled user dll's ...
Registered in 0.059504 seconds.
Begin MonoManager ReloadAssembly
Native extension for WindowsStandalone target not found
Refreshing native plugins compatible for Editor in 1.16 ms, found 2 plugins.
Preloading 0 native plugins for Editor in 0.00 ms.
Invoked RoslynAnalysisRunner static constructor.
RoslynAnalysisRunner will not be running.
RoslynAnalysisRunner has terminated.
Mono: successfully reloaded assembly
- Completed reload, in  4.233 seconds
Platform modules already initialized, skipping
Refreshing native plugins compatible for Editor in 2.88 ms, found 2 plugins.
Preloading 0 native plugins for Editor in 0.00 ms.
Unloading 1807 Unused Serialized files (Serialized files now loaded: 0)
System memory in use before: 91.7 MB.
System memory in use after: 91.7 MB.

Unloading 28 unused Assets to reduce memory usage. Loaded Objects now: 2307.
Total: 3.506600 ms (FindLiveObjects: 0.324800 ms CreateObjectMapping: 0.105600 ms MarkObjects: 2.949500 ms  DeleteObjects: 0.125200 ms)

========================================================================
Received Prepare
Registering precompiled user dll's ...
Registered in 0.092581 seconds.
Begin MonoManager ReloadAssembly
Native extension for WindowsStandalone target not found
Refreshing native plugins compatible for Editor in 0.91 ms, found 2 plugins.
Preloading 0 native plugins for Editor in 0.00 ms.
Invoked RoslynAnalysisRunner static constructor.
RoslynAnalysisRunner will not be running.
RoslynAnalysisRunner has terminated.
Mono: successfully reloaded assembly
- Completed reload, in  6.703 seconds
Platform modules already initialized, skipping
Refreshing native plugins compatible for Editor in 0.88 ms, found 2 plugins.
Preloading 0 native plugins for Editor in 0.00 ms.
Unloading 1807 Unused Serialized files (Serialized files now loaded: 0)
System memory in use before: 91.8 MB.
System memory in use after: 91.8 MB.

Unloading 28 unused Assets to reduce memory usage. Loaded Objects now: 2310.
Total: 6.563300 ms (FindLiveObjects: 0.331300 ms CreateObjectMapping: 0.144000 ms MarkObjects: 5.712300 ms  DeleteObjects: 0.372800 ms)

========================================================================
Received Prepare
Registering precompiled user dll's ...
Registered in 0.068595 seconds.
Begin MonoManager ReloadAssembly
Native extension for WindowsStandalone target not found
Refreshing native plugins compatible for Editor in 1.26 ms, found 2 plugins.
Preloading 0 native plugins for Editor in 0.00 ms.
Invoked RoslynAnalysisRunner static constructor.
RoslynAnalysisRunner will not be running.
RoslynAnalysisRunner has terminated.
Mono: successfully reloaded assembly
- Completed reload, in  7.387 seconds
Platform modules already initialized, skipping
Refreshing native plugins compatible for Editor in 4.91 ms, found 2 plugins.
Preloading 0 native plugins for Editor in 0.00 ms.
Unloading 1807 Unused Serialized files (Serialized files now loaded: 0)
System memory in use before: 91.8 MB.
System memory in use after: 91.8 MB.

Unloading 28 unused Assets to reduce memory usage. Loaded Objects now: 2313.
Total: 4.128300 ms (FindLiveObjects: 0.334200 ms CreateObjectMapping: 0.151800 ms MarkObjects: 3.434900 ms  DeleteObjects: 0.204800 ms)

========================================================================
Received Prepare
Registering precompiled user dll's ...
Registered in 0.230268 seconds.
Begin MonoManager ReloadAssembly
Native extension for WindowsStandalone target not found
Refreshing native plugins compatible for Editor in 1.02 ms, found 2 plugins.
Preloading 0 native plugins for Editor in 0.00 ms.
Invoked RoslynAnalysisRunner static constructor.
RoslynAnalysisRunner will not be running.
RoslynAnalysisRunner has terminated.
Mono: successfully reloaded assembly
- Completed reload, in  5.540 seconds
Platform modules already initialized, skipping
Refreshing native plugins compatible for Editor in 4.29 ms, found 2 plugins.
Preloading 0 native plugins for Editor in 0.00 ms.
Unloading 1807 Unused Serialized files (Serialized files now loaded: 0)
System memory in use before: 91.9 MB.
System memory in use after: 91.9 MB.

Unloading 28 unused Assets to reduce memory usage. Loaded Objects now: 2316.
Total: 4.326500 ms (FindLiveObjects: 0.328500 ms CreateObjectMapping: 0.136200 ms MarkObjects: 3.627700 ms  DeleteObjects: 0.231200 ms)

========================================================================
Received Prepare
Registering precompiled user dll's ...
Registered in 0.817195 seconds.
Begin MonoManager ReloadAssembly
Native extension for WindowsStandalone target not found
Refreshing native plugins compatible for Editor in 1.78 ms, found 2 plugins.
Preloading 0 native plugins for Editor in 0.00 ms.
Invoked RoslynAnalysisRunner static constructor.
RoslynAnalysisRunner will not be running.
RoslynAnalysisRunner has terminated.
Mono: successfully reloaded assembly
- Completed reload, in  6.765 seconds
Platform modules already initialized, skipping
Refreshing native plugins compatible for Editor in 0.85 ms, found 2 plugins.
Preloading 0 native plugins for Editor in 0.00 ms.
Unloading 1807 Unused Serialized files (Serialized files now loaded: 0)
System memory in use before: 92.0 MB.
System memory in use after: 92.0 MB.

Unloading 28 unused Assets to reduce memory usage. Loaded Objects now: 2319.
Total: 5.944400 ms (FindLiveObjects: 0.356000 ms CreateObjectMapping: 0.527700 ms MarkObjects: 4.827100 ms  DeleteObjects: 0.231100 ms)

========================================================================
Received Prepare
Registering precompiled user dll's ...
Registered in 0.061196 seconds.
Begin MonoManager ReloadAssembly
Native extension for WindowsStandalone target not found
Refreshing native plugins compatible for Editor in 2.36 ms, found 2 plugins.
Preloading 0 native plugins for Editor in 0.00 ms.
Invoked RoslynAnalysisRunner static constructor.
RoslynAnalysisRunner will not be running.
RoslynAnalysisRunner has terminated.
Mono: successfully reloaded assembly
- Completed reload, in  6.691 seconds
Platform modules already initialized, skipping
Refreshing native plugins compatible for Editor in 0.94 ms, found 2 plugins.
Preloading 0 native plugins for Editor in 0.00 ms.
Unloading 1807 Unused Serialized files (Serialized files now loaded: 0)
System memory in use before: 92.1 MB.
System memory in use after: 92.1 MB.

Unloading 28 unused Assets to reduce memory usage. Loaded Objects now: 2322.
Total: 4.461200 ms (FindLiveObjects: 0.414700 ms CreateObjectMapping: 0.197400 ms MarkObjects: 3.339100 ms  DeleteObjects: 0.507300 ms)

========================================================================
Received Prepare
Registering precompiled user dll's ...
Registered in 0.126763 seconds.
Begin MonoManager ReloadAssembly
Native extension for WindowsStandalone target not found
Refreshing native plugins compatible for Editor in 1.69 ms, found 2 plugins.
Preloading 0 native plugins for Editor in 0.00 ms.
Invoked RoslynAnalysisRunner static constructor.
RoslynAnalysisRunner will not be running.
RoslynAnalysisRunner has terminated.
Mono: successfully reloaded assembly
- Completed reload, in  6.699 seconds
Platform modules already initialized, skipping
Refreshing native plugins compatible for Editor in 2.58 ms, found 2 plugins.
Preloading 0 native plugins for Editor in 0.00 ms.
Unloading 1807 Unused Serialized files (Serialized files now loaded: 0)
System memory in use before: 92.1 MB.
System memory in use after: 92.1 MB.

Unloading 28 unused Assets to reduce memory usage. Loaded Objects now: 2325.
Total: 8.237800 ms (FindLiveObjects: 0.408200 ms CreateObjectMapping: 0.150900 ms MarkObjects: 7.463600 ms  DeleteObjects: 0.211400 ms)

========================================================================
Received Import Request.
  Time since last request: 2851.986450 seconds.
  path: Assets/Prefab/Bullet (1).prefab
  artifactKey: Guid(c97ca3574a2d9d24183634e3e557d1d9) Importer(815301076,1909f56bfc062723c751e8b465ee728b)
Start importing Assets/Prefab/Bullet (1).prefab using Guid(c97ca3574a2d9d24183634e3e557d1d9) Importer(815301076,1909f56bfc062723c751e8b465ee728b)  -> (artifact id: '66f474ac91a1eaca5ec1531521057830') in 0.470490 seconds
  Import took 0.505920 seconds .

========================================================================
Received Prepare
Registering precompiled user dll's ...
Registered in 0.206134 seconds.
Begin MonoManager ReloadAssembly
Native extension for WindowsStandalone target not found
Refreshing native plugins compatible for Editor in 1.41 ms, found 2 plugins.
Preloading 0 native plugins for Editor in 0.00 ms.
Invoked RoslynAnalysisRunner static constructor.
RoslynAnalysisRunner will not be running.
RoslynAnalysisRunner has terminated.
Mono: successfully reloaded assembly
- Completed reload, in  5.188 seconds
Platform modules already initialized, skipping
Refreshing native plugins compatible for Editor in 1.04 ms, found 2 plugins.
Preloading 0 native plugins for Editor in 0.00 ms.
Unloading 1807 Unused Serialized files (Serialized files now loaded: 0)
System memory in use before: 92.2 MB.
System memory in use after: 92.2 MB.

Unloading 28 unused Assets to reduce memory usage. Loaded Objects now: 2329.
Total: 4.368000 ms (FindLiveObjects: 0.401900 ms CreateObjectMapping: 0.178700 ms MarkObjects: 3.544300 ms  DeleteObjects: 0.239900 ms)

========================================================================
Received Prepare
Registering precompiled user dll's ...
Registered in 0.057629 seconds.
Begin MonoManager ReloadAssembly
Native extension for WindowsStandalone target not found
Refreshing native plugins compatible for Editor in 0.89 ms, found 2 plugins.
Preloading 0 native plugins for Editor in 0.00 ms.
Invoked RoslynAnalysisRunner static constructor.
RoslynAnalysisRunner will not be running.
RoslynAnalysisRunner has terminated.
Mono: successfully reloaded assembly
- Completed reload, in  7.718 seconds
Platform modules already initialized, skipping
Refreshing native plugins compatible for Editor in 0.93 ms, found 2 plugins.
Preloading 0 native plugins for Editor in 0.00 ms.
Unloading 1807 Unused Serialized files (Serialized files now loaded: 0)
System memory in use before: 92.3 MB.
System memory in use after: 92.3 MB.

Unloading 28 unused Assets to reduce memory usage. Loaded Objects now: 2332.
Total: 4.706400 ms (FindLiveObjects: 0.398200 ms CreateObjectMapping: 0.248400 ms MarkObjects: 3.824700 ms  DeleteObjects: 0.231100 ms)

========================================================================
Received Prepare
Registering precompiled user dll's ...
Registered in 0.277301 seconds.
Begin MonoManager ReloadAssembly
Native extension for WindowsStandalone target not found
Refreshing native plugins compatible for Editor in 3.34 ms, found 2 plugins.
Preloading 0 native plugins for Editor in 0.00 ms.
Invoked RoslynAnalysisRunner static constructor.
RoslynAnalysisRunner will not be running.
RoslynAnalysisRunner has terminated.
Mono: successfully reloaded assembly
- Completed reload, in  4.308 seconds
Platform modules already initialized, skipping
Refreshing native plugins compatible for Editor in 0.85 ms, found 2 plugins.
Preloading 0 native plugins for Editor in 0.00 ms.
Unloading 1807 Unused Serialized files (Serialized files now loaded: 0)
System memory in use before: 92.4 MB.
System memory in use after: 92.4 MB.

Unloading 28 unused Assets to reduce memory usage. Loaded Objects now: 2335.
Total: 4.431800 ms (FindLiveObjects: 0.311300 ms CreateObjectMapping: 0.143100 ms MarkObjects: 3.756000 ms  DeleteObjects: 0.219100 ms)

========================================================================
Received Prepare
Registering precompiled user dll's ...
Registered in 0.091364 seconds.
Begin MonoManager ReloadAssembly
Native extension for WindowsStandalone target not found
Refreshing native plugins compatible for Editor in 0.90 ms, found 2 plugins.
Preloading 0 native plugins for Editor in 0.00 ms.
Invoked RoslynAnalysisRunner static constructor.
RoslynAnalysisRunner will not be running.
RoslynAnalysisRunner has terminated.
Mono: successfully reloaded assembly
- Completed reload, in  3.770 seconds
Platform modules already initialized, skipping
Refreshing native plugins compatible for Editor in 0.96 ms, found 2 plugins.
Preloading 0 native plugins for Editor in 0.00 ms.
Unloading 1807 Unused Serialized files (Serialized files now loaded: 0)
System memory in use before: 92.4 MB.
System memory in use after: 92.4 MB.

Unloading 28 unused Assets to reduce memory usage. Loaded Objects now: 2338.
Total: 4.393900 ms (FindLiveObjects: 0.325300 ms CreateObjectMapping: 0.142200 ms MarkObjects: 3.682100 ms  DeleteObjects: 0.241300 ms)

========================================================================
Received Prepare
Registering precompiled user dll's ...
Registered in 0.124062 seconds.
Begin MonoManager ReloadAssembly
Native extension for WindowsStandalone target not found
Refreshing native plugins compatible for Editor in 1.06 ms, found 2 plugins.
Preloading 0 native plugins for Editor in 0.00 ms.
Invoked RoslynAnalysisRunner static constructor.
RoslynAnalysisRunner will not be running.
RoslynAnalysisRunner has terminated.
Mono: successfully reloaded assembly
- Completed reload, in  7.917 seconds
Platform modules already initialized, skipping
Refreshing native plugins compatible for Editor in 0.89 ms, found 2 plugins.
Preloading 0 native plugins for Editor in 0.00 ms.
Unloading 1807 Unused Serialized files (Serialized files now loaded: 0)
System memory in use before: 92.5 MB.
System memory in use after: 92.5 MB.

Unloading 28 unused Assets to reduce memory usage. Loaded Objects now: 2341.
Total: 6.339500 ms (FindLiveObjects: 0.324300 ms CreateObjectMapping: 0.150200 ms MarkObjects: 3.437200 ms  DeleteObjects: 2.425200 ms)

========================================================================
Received Prepare
Registering precompiled user dll's ...
Registered in 0.127317 seconds.
Begin MonoManager ReloadAssembly
Native extension for WindowsStandalone target not found
Refreshing native plugins compatible for Editor in 0.87 ms, found 2 plugins.
Preloading 0 native plugins for Editor in 0.00 ms.
Invoked RoslynAnalysisRunner static constructor.
RoslynAnalysisRunner will not be running.
RoslynAnalysisRunner has terminated.
Mono: successfully reloaded assembly
- Completed reload, in  7.391 seconds
Platform modules already initialized, skipping
Script error: OnTriggerEnter2D
This message parameter has to be of type: Collider2D
The message will be ignored.

Refreshing native plugins compatible for Editor in 1.01 ms, found 2 plugins.
Preloading 0 native plugins for Editor in 0.00 ms.
Unloading 1807 Unused Serialized files (Serialized files now loaded: 0)
System memory in use before: 92.7 MB.
System memory in use after: 92.7 MB.

Unloading 28 unused Assets to reduce memory usage. Loaded Objects now: 2344.
Total: 8.114800 ms (FindLiveObjects: 0.323900 ms CreateObjectMapping: 0.239500 ms MarkObjects: 7.279800 ms  DeleteObjects: 0.268800 ms)

========================================================================
Received Prepare
Registering precompiled user dll's ...
Registered in 0.143747 seconds.
Begin MonoManager ReloadAssembly
Native extension for WindowsStandalone target not found
Refreshing native plugins compatible for Editor in 0.89 ms, found 2 plugins.
Preloading 0 native plugins for Editor in 0.00 ms.
Invoked RoslynAnalysisRunner static constructor.
RoslynAnalysisRunner will not be running.
RoslynAnalysisRunner has terminated.
Mono: successfully reloaded assembly
- Completed reload, in  5.356 seconds
Platform modules already initialized, skipping
Refreshing native plugins compatible for Editor in 0.79 ms, found 2 plugins.
Preloading 0 native plugins for Editor in 0.00 ms.
Unloading 1807 Unused Serialized files (Serialized files now loaded: 0)
System memory in use before: 92.8 MB.
System memory in use after: 92.8 MB.

Unloading 28 unused Assets to reduce memory usage. Loaded Objects now: 2347.
Total: 4.447800 ms (FindLiveObjects: 0.391000 ms CreateObjectMapping: 0.169600 ms MarkObjects: 3.672000 ms  DeleteObjects: 0.212000 ms)

AssetImportWorkerClient::OnTransportError - code=2 error=End of file
