Using pre-set license
Built from '2020.2/release' branch; Version is '2020.2.2f1 (068178b99f32) revision 426360'; Using compiler version '192528614'; Build Type 'Release'
OS: 'Windows 10 Home; OS build 19041.985; Version 2004; 64bit' Language: 'ko' Physical Memory: 16315 MB
BatchMode: 1, IsHumanControllingUs: 0, StartBugReporterOnCrash: 0, Is64bit: 1, IsPro: 0

 COMMAND LINE ARGUMENTS:
D:\UnityHub\ULP\2020.2.2f1\Editor\Unity.exe
-adb2
-batchMode
-noUpm
-name
AssetImportWorker2
-projectPath
C:/Users/jam82/Documents/GitHub/classgit-16LeeDongHyeon
-logFile
Logs/AssetImportWorker2.log
-srvPort
11789
Successfully changed project path to: C:/Users/jam82/Documents/GitHub/classgit-16LeeDongHyeon
C:/Users/jam82/Documents/GitHub/classgit-16LeeDongHyeon
Using Asset Import Pipeline V2.
Refreshing native plugins compatible for Editor in 42.27 ms, found 2 plugins.
Preloading 0 native plugins for Editor in 0.00 ms.
Initialize engine version: 2020.2.2f1 (068178b99f32)
[Subsystems] Discovering subsystems at path D:/UnityHub/ULP/2020.2.2f1/Editor/Data/Resources/UnitySubsystems
[Subsystems] Discovering subsystems at path C:/Users/jam82/Documents/GitHub/classgit-16LeeDongHyeon/Assets
GfxDevice: creating device client; threaded=0
Direct3D:
    Version:  Direct3D 11.0 [level 11.1]
    Renderer: NVIDIA GeForce GTX 1660 SUPER (ID=0x21c4)
    Vendor:   
    VRAM:     5991 MB
    Driver:   27.21.14.6647
Initialize mono
Mono path[0] = 'D:/UnityHub/ULP/2020.2.2f1/Editor/Data/Managed'
Mono path[1] = 'D:/UnityHub/ULP/2020.2.2f1/Editor/Data/MonoBleedingEdge/lib/mono/unityjit'
Mono config path = 'D:/UnityHub/ULP/2020.2.2f1/Editor/Data/MonoBleedingEdge/etc'
Using monoOptions --debugger-agent=transport=dt_socket,embedding=1,server=y,suspend=n,address=127.0.0.1:56092
Begin MonoManager ReloadAssembly
Registering precompiled unity dll's ...
Register platform support module: D:/UnityHub/ULP/2020.2.2f1/Editor/Data/PlaybackEngines/WindowsStandaloneSupport/UnityEditor.WindowsStandalone.Extensions.dll
Registered in 0.001257 seconds.
Native extension for WindowsStandalone target not found
Refreshing native plugins compatible for Editor in 35.47 ms, found 2 plugins.
Preloading 0 native plugins for Editor in 0.00 ms.
Invoked RoslynAnalysisRunner static constructor.
RoslynAnalysisRunner will not be running.
RoslynAnalysisRunner has terminated.
Mono: successfully reloaded assembly
- Completed reload, in  2.048 seconds
Platform modules already initialized, skipping
Registering precompiled user dll's ...
Registered in 0.013070 seconds.
Begin MonoManager ReloadAssembly
Native extension for WindowsStandalone target not found
Refreshing native plugins compatible for Editor in 43.50 ms, found 2 plugins.
Preloading 0 native plugins for Editor in 0.00 ms.
Invoked RoslynAnalysisRunner static constructor.
RoslynAnalysisRunner will not be running.
RoslynAnalysisRunner has terminated.
Mono: successfully reloaded assembly
- Completed reload, in  1.023 seconds
Platform modules already initialized, skipping
========================================================================
Worker process is ready to serve import requests
Launched and connected shader compiler UnityShaderCompiler.exe after 0.05 seconds
Refreshing native plugins compatible for Editor in 0.51 ms, found 2 plugins.
Preloading 0 native plugins for Editor in 0.00 ms.
Unloading 1814 Unused Serialized files (Serialized files now loaded: 0)
System memory in use before: 85.3 MB.
System memory in use after: 85.3 MB.

Unloading 40 unused Assets to reduce memory usage. Loaded Objects now: 2275.
Total: 2.191600 ms (FindLiveObjects: 0.288600 ms CreateObjectMapping: 0.132500 ms MarkObjects: 1.628900 ms  DeleteObjects: 0.117500 ms)

========================================================================
Received Import Request.
  path: Assets/Scripts/UIManager.cs
  artifactKey: Guid(0120d99e1c04f3744bc40d6400ae3d6a) Importer(815301076,1909f56bfc062723c751e8b465ee728b)
Start importing Assets/Scripts/UIManager.cs using Guid(0120d99e1c04f3744bc40d6400ae3d6a) Importer(815301076,1909f56bfc062723c751e8b465ee728b)  -> (artifact id: 'e7349b05c98788311155cd8eee115367') in 0.083814 seconds
  Import took 0.089495 seconds .

========================================================================
Received Prepare
Registering precompiled user dll's ...
Registered in 0.010840 seconds.
Begin MonoManager ReloadAssembly
Native extension for WindowsStandalone target not found
Refreshing native plugins compatible for Editor in 0.53 ms, found 2 plugins.
Preloading 0 native plugins for Editor in 0.00 ms.
Invoked RoslynAnalysisRunner static constructor.
RoslynAnalysisRunner will not be running.
RoslynAnalysisRunner has terminated.
Mono: successfully reloaded assembly
- Completed reload, in  1.138 seconds
Platform modules already initialized, skipping
Refreshing native plugins compatible for Editor in 0.55 ms, found 2 plugins.
Preloading 0 native plugins for Editor in 0.00 ms.
Unloading 1809 Unused Serialized files (Serialized files now loaded: 0)
System memory in use before: 85.4 MB.
System memory in use after: 85.4 MB.

Unloading 28 unused Assets to reduce memory usage. Loaded Objects now: 2278.
Total: 1.979900 ms (FindLiveObjects: 0.281100 ms CreateObjectMapping: 0.042000 ms MarkObjects: 1.552300 ms  DeleteObjects: 0.103100 ms)

========================================================================
Received Prepare
Registering precompiled user dll's ...
Registered in 0.049198 seconds.
Begin MonoManager ReloadAssembly
Native extension for WindowsStandalone target not found
Refreshing native plugins compatible for Editor in 0.53 ms, found 2 plugins.
Preloading 0 native plugins for Editor in 0.00 ms.
Invoked RoslynAnalysisRunner static constructor.
RoslynAnalysisRunner will not be running.
RoslynAnalysisRunner has terminated.
Mono: successfully reloaded assembly
- Completed reload, in  0.916 seconds
Platform modules already initialized, skipping
Refreshing native plugins compatible for Editor in 0.51 ms, found 2 plugins.
Preloading 0 native plugins for Editor in 0.00 ms.
Unloading 1809 Unused Serialized files (Serialized files now loaded: 0)
System memory in use before: 85.5 MB.
System memory in use after: 85.5 MB.

Unloading 28 unused Assets to reduce memory usage. Loaded Objects now: 2281.
Total: 2.554900 ms (FindLiveObjects: 0.258600 ms CreateObjectMapping: 0.044300 ms MarkObjects: 2.097500 ms  DeleteObjects: 0.153400 ms)

========================================================================
Received Import Request.
  Time since last request: 1636.771493 seconds.
  path: Assets/Scripts/Enemy.cs
  artifactKey: Guid(faf1f866d65eeb540a5c4f0fa09e36da) Importer(815301076,1909f56bfc062723c751e8b465ee728b)
Start importing Assets/Scripts/Enemy.cs using Guid(faf1f866d65eeb540a5c4f0fa09e36da) Importer(815301076,1909f56bfc062723c751e8b465ee728b)  -> (artifact id: 'ee5438771c0730a8ff821a0a31b46309') in 0.009602 seconds
  Import took 0.012714 seconds .

========================================================================
Received Import Request.
  Time since last request: 33.327542 seconds.
  path: Assets/Scripts/Player.cs
  artifactKey: Guid(aa72d939829125241b9904441bfeed2c) Importer(815301076,1909f56bfc062723c751e8b465ee728b)
Start importing Assets/Scripts/Player.cs using Guid(aa72d939829125241b9904441bfeed2c) Importer(815301076,1909f56bfc062723c751e8b465ee728b)  -> (artifact id: '9d750e6f50b6b9785fa317fa9ab55258') in 0.008248 seconds
  Import took 0.011248 seconds .

========================================================================
Received Prepare
Registering precompiled user dll's ...
Registered in 0.010738 seconds.
Begin MonoManager ReloadAssembly
Native extension for WindowsStandalone target not found
Refreshing native plugins compatible for Editor in 0.52 ms, found 2 plugins.
Preloading 0 native plugins for Editor in 0.00 ms.
Invoked RoslynAnalysisRunner static constructor.
RoslynAnalysisRunner will not be running.
RoslynAnalysisRunner has terminated.
Mono: successfully reloaded assembly
- Completed reload, in  0.934 seconds
Platform modules already initialized, skipping
Refreshing native plugins compatible for Editor in 0.58 ms, found 2 plugins.
Preloading 0 native plugins for Editor in 0.00 ms.
Unloading 1809 Unused Serialized files (Serialized files now loaded: 0)
System memory in use before: 85.6 MB.
System memory in use after: 85.6 MB.

Unloading 28 unused Assets to reduce memory usage. Loaded Objects now: 2284.
Total: 2.029600 ms (FindLiveObjects: 0.316600 ms CreateObjectMapping: 0.049200 ms MarkObjects: 1.551100 ms  DeleteObjects: 0.111600 ms)

========================================================================
Received Import Request.
  Time since last request: 249.183763 seconds.
  path: Assets/Map/New Palette.prefab
  artifactKey: Guid(3f2590a136152da41a4081ba49f636da) Importer(815301076,1909f56bfc062723c751e8b465ee728b)
Start importing Assets/Map/New Palette.prefab using Guid(3f2590a136152da41a4081ba49f636da) Importer(815301076,1909f56bfc062723c751e8b465ee728b)  -> (artifact id: '9ffc69dc0b7dd71c370b861e41042189') in 0.085574 seconds
  Import took 0.088655 seconds .

========================================================================
Received Prepare
Registering precompiled user dll's ...
Registered in 0.012306 seconds.
Begin MonoManager ReloadAssembly
Native extension for WindowsStandalone target not found
Refreshing native plugins compatible for Editor in 0.56 ms, found 2 plugins.
Preloading 0 native plugins for Editor in 0.00 ms.
Invoked RoslynAnalysisRunner static constructor.
RoslynAnalysisRunner will not be running.
RoslynAnalysisRunner has terminated.
Mono: successfully reloaded assembly
- Completed reload, in  0.947 seconds
Platform modules already initialized, skipping
Refreshing native plugins compatible for Editor in 0.53 ms, found 2 plugins.
Preloading 0 native plugins for Editor in 0.00 ms.
Unloading 1809 Unused Serialized files (Serialized files now loaded: 0)
System memory in use before: 85.7 MB.
System memory in use after: 85.7 MB.

Unloading 28 unused Assets to reduce memory usage. Loaded Objects now: 2287.
Total: 1.890100 ms (FindLiveObjects: 0.245400 ms CreateObjectMapping: 0.041800 ms MarkObjects: 1.506100 ms  DeleteObjects: 0.095900 ms)

========================================================================
Received Import Request.
  Time since last request: 285.044720 seconds.
  path: Assets/Scripts/Player.cs
  artifactKey: Guid(aa72d939829125241b9904441bfeed2c) Importer(815301076,1909f56bfc062723c751e8b465ee728b)
Start importing Assets/Scripts/Player.cs using Guid(aa72d939829125241b9904441bfeed2c) Importer(815301076,1909f56bfc062723c751e8b465ee728b)  -> (artifact id: '68ef85e0472b813d8b8193ecf675b5e3') in 0.005874 seconds
  Import took 0.008816 seconds .

========================================================================
Received Import Request.
  Time since last request: 0.026877 seconds.
  path: Assets/Scripts/Player.cs
  artifactKey: Guid(aa72d939829125241b9904441bfeed2c) Importer(815301076,1909f56bfc062723c751e8b465ee728b)
Start importing Assets/Scripts/Player.cs using Guid(aa72d939829125241b9904441bfeed2c) Importer(815301076,1909f56bfc062723c751e8b465ee728b)  -> (artifact id: '68ef85e0472b813d8b8193ecf675b5e3') in 0.003280 seconds
  Import took 0.006027 seconds .

========================================================================
Received Prepare
Registering precompiled user dll's ...
Registered in 0.010293 seconds.
Begin MonoManager ReloadAssembly
Native extension for WindowsStandalone target not found
Refreshing native plugins compatible for Editor in 0.56 ms, found 2 plugins.
Preloading 0 native plugins for Editor in 0.00 ms.
Invoked RoslynAnalysisRunner static constructor.
RoslynAnalysisRunner will not be running.
RoslynAnalysisRunner has terminated.
Mono: successfully reloaded assembly
- Completed reload, in  0.941 seconds
Platform modules already initialized, skipping
Refreshing native plugins compatible for Editor in 0.84 ms, found 2 plugins.
Preloading 0 native plugins for Editor in 0.00 ms.
Unloading 1809 Unused Serialized files (Serialized files now loaded: 0)
System memory in use before: 85.7 MB.
System memory in use after: 85.7 MB.

Unloading 28 unused Assets to reduce memory usage. Loaded Objects now: 2290.
Total: 2.160300 ms (FindLiveObjects: 0.352700 ms CreateObjectMapping: 0.110500 ms MarkObjects: 1.590700 ms  DeleteObjects: 0.105600 ms)

========================================================================
Received Prepare
Registering precompiled user dll's ...
Registered in 0.011090 seconds.
Begin MonoManager ReloadAssembly
Native extension for WindowsStandalone target not found
Refreshing native plugins compatible for Editor in 0.61 ms, found 2 plugins.
Preloading 0 native plugins for Editor in 0.00 ms.
Invoked RoslynAnalysisRunner static constructor.
RoslynAnalysisRunner will not be running.
RoslynAnalysisRunner has terminated.
Mono: successfully reloaded assembly
- Completed reload, in  0.994 seconds
Platform modules already initialized, skipping
Refreshing native plugins compatible for Editor in 0.50 ms, found 2 plugins.
Preloading 0 native plugins for Editor in 0.00 ms.
Unloading 1809 Unused Serialized files (Serialized files now loaded: 0)
System memory in use before: 85.8 MB.
System memory in use after: 85.8 MB.

Unloading 28 unused Assets to reduce memory usage. Loaded Objects now: 2293.
Total: 2.272100 ms (FindLiveObjects: 0.279600 ms CreateObjectMapping: 0.043200 ms MarkObjects: 1.843000 ms  DeleteObjects: 0.104800 ms)

========================================================================
Received Prepare
Registering precompiled user dll's ...
Registered in 0.010690 seconds.
Begin MonoManager ReloadAssembly
Native extension for WindowsStandalone target not found
Refreshing native plugins compatible for Editor in 0.52 ms, found 2 plugins.
Preloading 0 native plugins for Editor in 0.00 ms.
Invoked RoslynAnalysisRunner static constructor.
RoslynAnalysisRunner will not be running.
RoslynAnalysisRunner has terminated.
Mono: successfully reloaded assembly
- Completed reload, in  0.826 seconds
Platform modules already initialized, skipping
Refreshing native plugins compatible for Editor in 0.54 ms, found 2 plugins.
Preloading 0 native plugins for Editor in 0.00 ms.
Unloading 1809 Unused Serialized files (Serialized files now loaded: 0)
System memory in use before: 85.9 MB.
System memory in use after: 85.9 MB.

Unloading 28 unused Assets to reduce memory usage. Loaded Objects now: 2296.
Total: 1.978100 ms (FindLiveObjects: 0.264800 ms CreateObjectMapping: 0.040600 ms MarkObjects: 1.557100 ms  DeleteObjects: 0.114500 ms)

========================================================================
Received Prepare
Registering precompiled user dll's ...
Registered in 0.046713 seconds.
Begin MonoManager ReloadAssembly
Native extension for WindowsStandalone target not found
Refreshing native plugins compatible for Editor in 0.51 ms, found 2 plugins.
Preloading 0 native plugins for Editor in 0.00 ms.
Invoked RoslynAnalysisRunner static constructor.
RoslynAnalysisRunner will not be running.
RoslynAnalysisRunner has terminated.
Mono: successfully reloaded assembly
- Completed reload, in  0.854 seconds
Platform modules already initialized, skipping
Refreshing native plugins compatible for Editor in 0.54 ms, found 2 plugins.
Preloading 0 native plugins for Editor in 0.00 ms.
Unloading 1809 Unused Serialized files (Serialized files now loaded: 0)
System memory in use before: 86.0 MB.
System memory in use after: 86.0 MB.

Unloading 28 unused Assets to reduce memory usage. Loaded Objects now: 2299.
Total: 2.116600 ms (FindLiveObjects: 0.277400 ms CreateObjectMapping: 0.043300 ms MarkObjects: 1.657900 ms  DeleteObjects: 0.136700 ms)

========================================================================
Received Prepare
Registering precompiled user dll's ...
Registered in 0.011606 seconds.
Begin MonoManager ReloadAssembly
Native extension for WindowsStandalone target not found
Refreshing native plugins compatible for Editor in 0.56 ms, found 2 plugins.
Preloading 0 native plugins for Editor in 0.00 ms.
Invoked RoslynAnalysisRunner static constructor.
RoslynAnalysisRunner will not be running.
RoslynAnalysisRunner has terminated.
Mono: successfully reloaded assembly
- Completed reload, in  0.971 seconds
Platform modules already initialized, skipping
Refreshing native plugins compatible for Editor in 0.55 ms, found 2 plugins.
Preloading 0 native plugins for Editor in 0.00 ms.
Unloading 1809 Unused Serialized files (Serialized files now loaded: 0)
System memory in use before: 86.0 MB.
System memory in use after: 86.0 MB.

Unloading 28 unused Assets to reduce memory usage. Loaded Objects now: 2302.
Total: 2.014900 ms (FindLiveObjects: 0.254800 ms CreateObjectMapping: 0.042200 ms MarkObjects: 1.598800 ms  DeleteObjects: 0.118000 ms)

========================================================================
Received Import Request.
  Time since last request: 446.112585 seconds.
  path: Assets/Scenes/SampleScene.unity
  artifactKey: Guid(2cda990e2423bbf4892e6590ba056729) Importer(815301076,1909f56bfc062723c751e8b465ee728b)
Start importing Assets/Scenes/SampleScene.unity using Guid(2cda990e2423bbf4892e6590ba056729) Importer(815301076,1909f56bfc062723c751e8b465ee728b)  -> (artifact id: 'f6702f11597ef2af343455007470a0c7') in 0.018413 seconds
  Import took 0.021815 seconds .

========================================================================
Received Import Request.
  Time since last request: 21.633855 seconds.
  path: Assets/Scenes/New Scene.unity
  artifactKey: Guid(c53660f77141b28469c655edd46792ef) Importer(815301076,1909f56bfc062723c751e8b465ee728b)
Start importing Assets/Scenes/New Scene.unity using Guid(c53660f77141b28469c655edd46792ef) Importer(815301076,1909f56bfc062723c751e8b465ee728b)  -> (artifact id: '68652c7b3c2f616bfaa5b51162772b7c') in 0.008756 seconds
  Import took 0.011988 seconds .

========================================================================
Received Import Request.
  Time since last request: 0.002031 seconds.
  path: Assets/Scenes/New Scene.unity
  artifactKey: Guid(c53660f77141b28469c655edd46792ef) Importer(815301076,1909f56bfc062723c751e8b465ee728b)
Start importing Assets/Scenes/New Scene.unity using Guid(c53660f77141b28469c655edd46792ef) Importer(815301076,1909f56bfc062723c751e8b465ee728b)  -> (artifact id: '68652c7b3c2f616bfaa5b51162772b7c') in 0.003721 seconds
  Import took 0.006969 seconds .

========================================================================
Received Import Request.
  Time since last request: 30.079388 seconds.
  path: Assets/Scenes/Level1.unity
  artifactKey: Guid(3347680dff733e84289b8187af27a12d) Importer(815301076,1909f56bfc062723c751e8b465ee728b)
Start importing Assets/Scenes/Level1.unity using Guid(3347680dff733e84289b8187af27a12d) Importer(815301076,1909f56bfc062723c751e8b465ee728b)  -> (artifact id: 'ca39fe2858ac816f02106d851698ea5f') in 0.008008 seconds
  Import took 0.011437 seconds .

========================================================================
Received Import Request.
  Time since last request: 0.000738 seconds.
  path: Assets/Scenes/Level1.unity
  artifactKey: Guid(3347680dff733e84289b8187af27a12d) Importer(815301076,1909f56bfc062723c751e8b465ee728b)
Start importing Assets/Scenes/Level1.unity using Guid(3347680dff733e84289b8187af27a12d) Importer(815301076,1909f56bfc062723c751e8b465ee728b)  -> (artifact id: 'ca39fe2858ac816f02106d851698ea5f') in 0.003767 seconds
  Import took 0.006398 seconds .

========================================================================
Received Import Request.
  Time since last request: 12.687966 seconds.
  path: Assets/Scenes/Level2.unity
  artifactKey: Guid(a7d8bbbecc7dc1349837183d38edc556) Importer(815301076,1909f56bfc062723c751e8b465ee728b)
Start importing Assets/Scenes/Level2.unity using Guid(a7d8bbbecc7dc1349837183d38edc556) Importer(815301076,1909f56bfc062723c751e8b465ee728b)  -> (artifact id: 'b2dc28474941d0818a84f3c0fbe41274') in 0.035874 seconds
  Import took 0.044289 seconds .

========================================================================
Received Import Request.
  Time since last request: 43.449624 seconds.
  path: Assets/UI/Pad.png
  artifactKey: Guid(5b66286948c31b7418bbb4efc88b3eeb) Importer(815301076,1909f56bfc062723c751e8b465ee728b)
Start importing Assets/UI/Pad.png using Guid(5b66286948c31b7418bbb4efc88b3eeb) Importer(815301076,1909f56bfc062723c751e8b465ee728b)  -> (artifact id: '9ad67d252021af4e3785f6f451417299') in 0.196203 seconds
  Import took 0.199234 seconds .

========================================================================
Received Import Request.
  Time since last request: 20.898253 seconds.
  path: Assets/UI/Pad.png
  artifactKey: Guid(5b66286948c31b7418bbb4efc88b3eeb) Importer(815301076,1909f56bfc062723c751e8b465ee728b)
Start importing Assets/UI/Pad.png using Guid(5b66286948c31b7418bbb4efc88b3eeb) Importer(815301076,1909f56bfc062723c751e8b465ee728b)  -> (artifact id: '709a682dedff5e931b8b1da36754f884') in 0.100506 seconds
  Import took 0.103510 seconds .

========================================================================
Received Import Request.
  Time since last request: 49.879742 seconds.
  path: Assets/Scripts/Pad.cs
  artifactKey: Guid(30e8bc9b6bf86bd4f8a8ab6f965acb25) Importer(815301076,1909f56bfc062723c751e8b465ee728b)
Start importing Assets/Scripts/Pad.cs using Guid(30e8bc9b6bf86bd4f8a8ab6f965acb25) Importer(815301076,1909f56bfc062723c751e8b465ee728b)  -> (artifact id: '3a7fa235ce22e4ea02dc17285d8d0397') in 0.003649 seconds
  Import took 0.006877 seconds .

========================================================================
Received Prepare
Registering precompiled user dll's ...
Registered in 0.012975 seconds.
Begin MonoManager ReloadAssembly
Native extension for WindowsStandalone target not found
Refreshing native plugins compatible for Editor in 0.61 ms, found 2 plugins.
Preloading 0 native plugins for Editor in 0.00 ms.
Invoked RoslynAnalysisRunner static constructor.
RoslynAnalysisRunner will not be running.
RoslynAnalysisRunner has terminated.
Mono: successfully reloaded assembly
- Completed reload, in  0.881 seconds
Platform modules already initialized, skipping
Refreshing native plugins compatible for Editor in 0.51 ms, found 2 plugins.
Preloading 0 native plugins for Editor in 0.00 ms.
Unloading 1810 Unused Serialized files (Serialized files now loaded: 0)
System memory in use before: 89.3 MB.
System memory in use after: 89.2 MB.

Unloading 28 unused Assets to reduce memory usage. Loaded Objects now: 2323.
Total: 2.153900 ms (FindLiveObjects: 0.316900 ms CreateObjectMapping: 0.043500 ms MarkObjects: 1.674600 ms  DeleteObjects: 0.117600 ms)

========================================================================
Received Import Request.
  Time since last request: 83.150257 seconds.
  path: Assets/Scripts/Pad.cs
  artifactKey: Guid(30e8bc9b6bf86bd4f8a8ab6f965acb25) Importer(815301076,1909f56bfc062723c751e8b465ee728b)
Start importing Assets/Scripts/Pad.cs using Guid(30e8bc9b6bf86bd4f8a8ab6f965acb25) Importer(815301076,1909f56bfc062723c751e8b465ee728b)  -> (artifact id: 'd032fff97a1d94da1baa5743fdce9788') in 0.018799 seconds
  Import took 0.024796 seconds .

========================================================================
Received Import Request.
  Time since last request: 0.005025 seconds.
  path: Assets/Scripts/Pad.cs
  artifactKey: Guid(30e8bc9b6bf86bd4f8a8ab6f965acb25) Importer(815301076,1909f56bfc062723c751e8b465ee728b)
Start importing Assets/Scripts/Pad.cs using Guid(30e8bc9b6bf86bd4f8a8ab6f965acb25) Importer(815301076,1909f56bfc062723c751e8b465ee728b)  -> (artifact id: 'd032fff97a1d94da1baa5743fdce9788') in 0.012048 seconds
  Import took 0.016944 seconds .

========================================================================
Received Prepare
Registering precompiled user dll's ...
Registered in 0.012173 seconds.
Begin MonoManager ReloadAssembly
Native extension for WindowsStandalone target not found
Refreshing native plugins compatible for Editor in 1.03 ms, found 2 plugins.
Preloading 0 native plugins for Editor in 0.00 ms.
Invoked RoslynAnalysisRunner static constructor.
RoslynAnalysisRunner will not be running.
RoslynAnalysisRunner has terminated.
Mono: successfully reloaded assembly
- Completed reload, in  1.011 seconds
Platform modules already initialized, skipping
Refreshing native plugins compatible for Editor in 0.59 ms, found 2 plugins.
Preloading 0 native plugins for Editor in 0.00 ms.
Unloading 1810 Unused Serialized files (Serialized files now loaded: 0)
System memory in use before: 89.3 MB.
System memory in use after: 89.3 MB.

Unloading 28 unused Assets to reduce memory usage. Loaded Objects now: 2326.
Total: 2.031200 ms (FindLiveObjects: 0.329100 ms CreateObjectMapping: 0.045400 ms MarkObjects: 1.548300 ms  DeleteObjects: 0.107500 ms)

========================================================================
Received Import Request.
  Time since last request: 311.922410 seconds.
  path: Assets/Scripts/Pad.cs
  artifactKey: Guid(30e8bc9b6bf86bd4f8a8ab6f965acb25) Importer(815301076,1909f56bfc062723c751e8b465ee728b)
Start importing Assets/Scripts/Pad.cs using Guid(30e8bc9b6bf86bd4f8a8ab6f965acb25) Importer(815301076,1909f56bfc062723c751e8b465ee728b)  -> (artifact id: '2c9a3eb0fe68e9f0031cca15e37776be') in 0.006694 seconds
  Import took 0.009837 seconds .

========================================================================
Received Import Request.
  Time since last request: 17.386354 seconds.
  path: Assets/Scenes/SampleScene.unity
  artifactKey: Guid(2cda990e2423bbf4892e6590ba056729) Importer(815301076,1909f56bfc062723c751e8b465ee728b)
Start importing Assets/Scenes/SampleScene.unity using Guid(2cda990e2423bbf4892e6590ba056729) Importer(815301076,1909f56bfc062723c751e8b465ee728b)  -> (artifact id: '94e4b1369aabfb642eaf0234d7843b43') in 0.106992 seconds
  Import took 0.110672 seconds .

========================================================================
Received Import Request.
  Time since last request: 17.141995 seconds.
  path: Assets/Scenes/Level1.unity
  artifactKey: Guid(3347680dff733e84289b8187af27a12d) Importer(815301076,1909f56bfc062723c751e8b465ee728b)
Start importing Assets/Scenes/Level1.unity using Guid(3347680dff733e84289b8187af27a12d) Importer(815301076,1909f56bfc062723c751e8b465ee728b)  -> (artifact id: '59a49125e582668db44fc099475912d7') in 0.004493 seconds
  Import took 0.008266 seconds .

========================================================================
Received Prepare
Registering precompiled user dll's ...
Registered in 0.042875 seconds.
Begin MonoManager ReloadAssembly
Native extension for WindowsStandalone target not found
Refreshing native plugins compatible for Editor in 0.83 ms, found 2 plugins.
Preloading 0 native plugins for Editor in 0.00 ms.
Invoked RoslynAnalysisRunner static constructor.
RoslynAnalysisRunner will not be running.
RoslynAnalysisRunner has terminated.
Mono: successfully reloaded assembly
- Completed reload, in  0.934 seconds
Platform modules already initialized, skipping
Refreshing native plugins compatible for Editor in 0.54 ms, found 2 plugins.
Preloading 0 native plugins for Editor in 0.00 ms.
Unloading 1810 Unused Serialized files (Serialized files now loaded: 0)
System memory in use before: 89.4 MB.
System memory in use after: 89.4 MB.

Unloading 28 unused Assets to reduce memory usage. Loaded Objects now: 2329.
Total: 2.190600 ms (FindLiveObjects: 0.254700 ms CreateObjectMapping: 0.043300 ms MarkObjects: 1.770200 ms  DeleteObjects: 0.121400 ms)

========================================================================
Received Import Request.
  Time since last request: 43.806040 seconds.
  path: Assets/Scenes/Level1.unity
  artifactKey: Guid(3347680dff733e84289b8187af27a12d) Importer(815301076,1909f56bfc062723c751e8b465ee728b)
Start importing Assets/Scenes/Level1.unity using Guid(3347680dff733e84289b8187af27a12d) Importer(815301076,1909f56bfc062723c751e8b465ee728b)  -> (artifact id: '19f6bb4b4f95519909809a536ee6eaeb') in 0.012767 seconds
  Import took 0.016064 seconds .

========================================================================
Received Import Request.
  Time since last request: 0.273965 seconds.
  path: Assets/Scenes/Level2.unity
  artifactKey: Guid(a7d8bbbecc7dc1349837183d38edc556) Importer(815301076,1909f56bfc062723c751e8b465ee728b)
Start importing Assets/Scenes/Level2.unity using Guid(a7d8bbbecc7dc1349837183d38edc556) Importer(815301076,1909f56bfc062723c751e8b465ee728b)  -> (artifact id: '7d54a86218bdc5a7cb232824645bb636') in 0.004056 seconds
  Import took 0.007307 seconds .

========================================================================
Received Prepare
Registering precompiled user dll's ...
Registered in 0.049751 seconds.
Begin MonoManager ReloadAssembly
Native extension for WindowsStandalone target not found
Refreshing native plugins compatible for Editor in 0.53 ms, found 2 plugins.
Preloading 0 native plugins for Editor in 0.00 ms.
Invoked RoslynAnalysisRunner static constructor.
RoslynAnalysisRunner will not be running.
RoslynAnalysisRunner has terminated.
Mono: successfully reloaded assembly
- Completed reload, in  0.870 seconds
Platform modules already initialized, skipping
Refreshing native plugins compatible for Editor in 0.57 ms, found 2 plugins.
Preloading 0 native plugins for Editor in 0.00 ms.
Unloading 1810 Unused Serialized files (Serialized files now loaded: 0)
System memory in use before: 89.5 MB.
System memory in use after: 89.5 MB.

Unloading 28 unused Assets to reduce memory usage. Loaded Objects now: 2332.
Total: 2.138700 ms (FindLiveObjects: 0.284700 ms CreateObjectMapping: 0.039700 ms MarkObjects: 1.694600 ms  DeleteObjects: 0.118600 ms)

========================================================================
Received Prepare
Registering precompiled user dll's ...
Registered in 0.010697 seconds.
Begin MonoManager ReloadAssembly
Native extension for WindowsStandalone target not found
Refreshing native plugins compatible for Editor in 0.51 ms, found 2 plugins.
Preloading 0 native plugins for Editor in 0.00 ms.
Invoked RoslynAnalysisRunner static constructor.
RoslynAnalysisRunner will not be running.
RoslynAnalysisRunner has terminated.
Mono: successfully reloaded assembly
- Completed reload, in  0.952 seconds
Platform modules already initialized, skipping
Refreshing native plugins compatible for Editor in 0.58 ms, found 2 plugins.
Preloading 0 native plugins for Editor in 0.00 ms.
Unloading 1810 Unused Serialized files (Serialized files now loaded: 0)
System memory in use before: 89.6 MB.
System memory in use after: 89.6 MB.

Unloading 28 unused Assets to reduce memory usage. Loaded Objects now: 2335.
Total: 2.261900 ms (FindLiveObjects: 0.329900 ms CreateObjectMapping: 0.050300 ms MarkObjects: 1.727000 ms  DeleteObjects: 0.153000 ms)

========================================================================
Received Import Request.
  Time since last request: 67.485552 seconds.
  path: Assets/Scenes/Level1.unity
  artifactKey: Guid(3347680dff733e84289b8187af27a12d) Importer(815301076,1909f56bfc062723c751e8b465ee728b)
Start importing Assets/Scenes/Level1.unity using Guid(3347680dff733e84289b8187af27a12d) Importer(815301076,1909f56bfc062723c751e8b465ee728b)  -> (artifact id: '78135fcbd21bb1c4d174261a78cf75f9') in 0.011663 seconds
  Import took 0.014915 seconds .

========================================================================
Received Prepare
Registering precompiled user dll's ...
Registered in 0.011083 seconds.
Begin MonoManager ReloadAssembly
Native extension for WindowsStandalone target not found
Refreshing native plugins compatible for Editor in 0.58 ms, found 2 plugins.
Preloading 0 native plugins for Editor in 0.00 ms.
Invoked RoslynAnalysisRunner static constructor.
RoslynAnalysisRunner will not be running.
RoslynAnalysisRunner has terminated.
Mono: successfully reloaded assembly
- Completed reload, in  0.841 seconds
Platform modules already initialized, skipping
Refreshing native plugins compatible for Editor in 0.60 ms, found 2 plugins.
Preloading 0 native plugins for Editor in 0.00 ms.
Unloading 1810 Unused Serialized files (Serialized files now loaded: 0)
System memory in use before: 89.7 MB.
System memory in use after: 89.7 MB.

Unloading 28 unused Assets to reduce memory usage. Loaded Objects now: 2338.
Total: 2.057900 ms (FindLiveObjects: 0.245100 ms CreateObjectMapping: 0.041800 ms MarkObjects: 1.656500 ms  DeleteObjects: 0.112500 ms)

========================================================================
Received Prepare
Registering precompiled user dll's ...
Registered in 0.014637 seconds.
Begin MonoManager ReloadAssembly
Native extension for WindowsStandalone target not found
Refreshing native plugins compatible for Editor in 0.58 ms, found 2 plugins.
Preloading 0 native plugins for Editor in 0.00 ms.
Invoked RoslynAnalysisRunner static constructor.
RoslynAnalysisRunner will not be running.
RoslynAnalysisRunner has terminated.
Mono: successfully reloaded assembly
- Completed reload, in  1.043 seconds
Platform modules already initialized, skipping
Refreshing native plugins compatible for Editor in 0.52 ms, found 2 plugins.
Preloading 0 native plugins for Editor in 0.00 ms.
Unloading 1810 Unused Serialized files (Serialized files now loaded: 0)
System memory in use before: 89.7 MB.
System memory in use after: 89.7 MB.

Unloading 28 unused Assets to reduce memory usage. Loaded Objects now: 2341.
Total: 2.059300 ms (FindLiveObjects: 0.293300 ms CreateObjectMapping: 0.039900 ms MarkObjects: 1.598400 ms  DeleteObjects: 0.126300 ms)

========================================================================
Received Prepare
Registering precompiled user dll's ...
Registered in 0.012043 seconds.
Begin MonoManager ReloadAssembly
Native extension for WindowsStandalone target not found
Refreshing native plugins compatible for Editor in 0.53 ms, found 2 plugins.
Preloading 0 native plugins for Editor in 0.00 ms.
Invoked RoslynAnalysisRunner static constructor.
RoslynAnalysisRunner will not be running.
RoslynAnalysisRunner has terminated.
Mono: successfully reloaded assembly
- Completed reload, in  0.858 seconds
Platform modules already initialized, skipping
Refreshing native plugins compatible for Editor in 0.52 ms, found 2 plugins.
Preloading 0 native plugins for Editor in 0.00 ms.
Unloading 1810 Unused Serialized files (Serialized files now loaded: 0)
System memory in use before: 89.8 MB.
System memory in use after: 89.8 MB.

Unloading 28 unused Assets to reduce memory usage. Loaded Objects now: 2344.
Total: 2.371300 ms (FindLiveObjects: 0.340300 ms CreateObjectMapping: 0.044800 ms MarkObjects: 1.799000 ms  DeleteObjects: 0.185600 ms)

========================================================================
Received Prepare
Registering precompiled user dll's ...
Registered in 0.010309 seconds.
Begin MonoManager ReloadAssembly
Native extension for WindowsStandalone target not found
Refreshing native plugins compatible for Editor in 1.13 ms, found 2 plugins.
Preloading 0 native plugins for Editor in 0.00 ms.
Invoked RoslynAnalysisRunner static constructor.
RoslynAnalysisRunner will not be running.
RoslynAnalysisRunner has terminated.
Mono: successfully reloaded assembly
- Completed reload, in  0.963 seconds
Platform modules already initialized, skipping
Refreshing native plugins compatible for Editor in 0.74 ms, found 2 plugins.
Preloading 0 native plugins for Editor in 0.00 ms.
Unloading 1810 Unused Serialized files (Serialized files now loaded: 0)
System memory in use before: 89.9 MB.
System memory in use after: 89.9 MB.

Unloading 28 unused Assets to reduce memory usage. Loaded Objects now: 2347.
Total: 2.329600 ms (FindLiveObjects: 0.525400 ms CreateObjectMapping: 0.108000 ms MarkObjects: 1.576800 ms  DeleteObjects: 0.117900 ms)

========================================================================
Received Prepare
Registering precompiled user dll's ...
Registered in 0.009985 seconds.
Begin MonoManager ReloadAssembly
Native extension for WindowsStandalone target not found
Refreshing native plugins compatible for Editor in 1.11 ms, found 2 plugins.
Preloading 0 native plugins for Editor in 0.00 ms.
Invoked RoslynAnalysisRunner static constructor.
RoslynAnalysisRunner will not be running.
RoslynAnalysisRunner has terminated.
Mono: successfully reloaded assembly
- Completed reload, in  0.915 seconds
Platform modules already initialized, skipping
Refreshing native plugins compatible for Editor in 0.52 ms, found 2 plugins.
Preloading 0 native plugins for Editor in 0.00 ms.
Unloading 1810 Unused Serialized files (Serialized files now loaded: 0)
System memory in use before: 90.0 MB.
System memory in use after: 90.0 MB.

Unloading 28 unused Assets to reduce memory usage. Loaded Objects now: 2350.
Total: 2.120900 ms (FindLiveObjects: 0.335500 ms CreateObjectMapping: 0.043800 ms MarkObjects: 1.614800 ms  DeleteObjects: 0.125200 ms)

========================================================================
Received Prepare
Registering precompiled user dll's ...
Registered in 0.053872 seconds.
Begin MonoManager ReloadAssembly
Native extension for WindowsStandalone target not found
Refreshing native plugins compatible for Editor in 0.54 ms, found 2 plugins.
Preloading 0 native plugins for Editor in 0.00 ms.
Invoked RoslynAnalysisRunner static constructor.
RoslynAnalysisRunner will not be running.
RoslynAnalysisRunner has terminated.
Mono: successfully reloaded assembly
- Completed reload, in  0.829 seconds
Platform modules already initialized, skipping
Refreshing native plugins compatible for Editor in 0.55 ms, found 2 plugins.
Preloading 0 native plugins for Editor in 0.00 ms.
Unloading 1810 Unused Serialized files (Serialized files now loaded: 0)
System memory in use before: 90.0 MB.
System memory in use after: 90.0 MB.

Unloading 28 unused Assets to reduce memory usage. Loaded Objects now: 2353.
Total: 2.053800 ms (FindLiveObjects: 0.354200 ms CreateObjectMapping: 0.044000 ms MarkObjects: 1.541700 ms  DeleteObjects: 0.113000 ms)

========================================================================
Received Import Request.
  Time since last request: 627.735906 seconds.
  path: Assets/Scripts/SaveData.cs
  artifactKey: Guid(1077e6a82d03e7a4cb7d2272fc5db46c) Importer(815301076,1909f56bfc062723c751e8b465ee728b)
Start importing Assets/Scripts/SaveData.cs using Guid(1077e6a82d03e7a4cb7d2272fc5db46c) Importer(815301076,1909f56bfc062723c751e8b465ee728b)  -> (artifact id: '2fd4c06163639801b37588bff3910b46') in 0.010784 seconds
  Import took 0.014230 seconds .

========================================================================
Received Prepare
Registering precompiled user dll's ...
Registered in 0.045711 seconds.
Begin MonoManager ReloadAssembly
Native extension for WindowsStandalone target not found
Refreshing native plugins compatible for Editor in 0.50 ms, found 2 plugins.
Preloading 0 native plugins for Editor in 0.00 ms.
Invoked RoslynAnalysisRunner static constructor.
RoslynAnalysisRunner will not be running.
RoslynAnalysisRunner has terminated.
Mono: successfully reloaded assembly
- Completed reload, in  0.818 seconds
Platform modules already initialized, skipping
Refreshing native plugins compatible for Editor in 0.53 ms, found 2 plugins.
Preloading 0 native plugins for Editor in 0.00 ms.
Unloading 1811 Unused Serialized files (Serialized files now loaded: 0)
System memory in use before: 90.1 MB.
System memory in use after: 90.1 MB.

Unloading 28 unused Assets to reduce memory usage. Loaded Objects now: 2357.
Total: 2.076600 ms (FindLiveObjects: 0.234500 ms CreateObjectMapping: 0.044500 ms MarkObjects: 1.690500 ms  DeleteObjects: 0.106000 ms)

========================================================================
Received Import Request.
  Time since last request: 560.389202 seconds.
  path: Assets/Scripts/SaveData.cs
  artifactKey: Guid(1077e6a82d03e7a4cb7d2272fc5db46c) Importer(815301076,1909f56bfc062723c751e8b465ee728b)
Start importing Assets/Scripts/SaveData.cs using Guid(1077e6a82d03e7a4cb7d2272fc5db46c) Importer(815301076,1909f56bfc062723c751e8b465ee728b)  -> (artifact id: 'dccd01e2769916a33c59f0b4d0cfa406') in 0.006189 seconds
  Import took 0.009432 seconds .

========================================================================
Received Import Request.
  Time since last request: 0.001631 seconds.
  path: Assets/Scripts/SaveData.cs
  artifactKey: Guid(1077e6a82d03e7a4cb7d2272fc5db46c) Importer(815301076,1909f56bfc062723c751e8b465ee728b)
Start importing Assets/Scripts/SaveData.cs using Guid(1077e6a82d03e7a4cb7d2272fc5db46c) Importer(815301076,1909f56bfc062723c751e8b465ee728b)  -> (artifact id: 'dccd01e2769916a33c59f0b4d0cfa406') in 0.003378 seconds
  Import took 0.006279 seconds .

========================================================================
Received Prepare
Registering precompiled user dll's ...
Registered in 0.011845 seconds.
Begin MonoManager ReloadAssembly
Native extension for WindowsStandalone target not found
Refreshing native plugins compatible for Editor in 0.53 ms, found 2 plugins.
Preloading 0 native plugins for Editor in 0.00 ms.
Invoked RoslynAnalysisRunner static constructor.
RoslynAnalysisRunner will not be running.
RoslynAnalysisRunner has terminated.
Mono: successfully reloaded assembly
- Completed reload, in  0.867 seconds
Platform modules already initialized, skipping
Refreshing native plugins compatible for Editor in 0.54 ms, found 2 plugins.
Preloading 0 native plugins for Editor in 0.00 ms.
Unloading 1811 Unused Serialized files (Serialized files now loaded: 0)
System memory in use before: 90.2 MB.
System memory in use after: 90.2 MB.

Unloading 28 unused Assets to reduce memory usage. Loaded Objects now: 2360.
Total: 2.316400 ms (FindLiveObjects: 0.365500 ms CreateObjectMapping: 0.058000 ms MarkObjects: 1.778700 ms  DeleteObjects: 0.113000 ms)

========================================================================
Received Import Request.
  Time since last request: 741.108020 seconds.
  path: Assets/Scripts/SaveData.cs
  artifactKey: Guid(1077e6a82d03e7a4cb7d2272fc5db46c) Importer(815301076,1909f56bfc062723c751e8b465ee728b)
Start importing Assets/Scripts/SaveData.cs using Guid(1077e6a82d03e7a4cb7d2272fc5db46c) Importer(815301076,1909f56bfc062723c751e8b465ee728b)  -> (artifact id: '9743773ee84f33722ffbe26924ed3d95') in 0.006470 seconds
  Import took 0.009652 seconds .

========================================================================
Received Prepare
Registering precompiled user dll's ...
Registered in 0.047887 seconds.
Begin MonoManager ReloadAssembly
Native extension for WindowsStandalone target not found
Refreshing native plugins compatible for Editor in 0.54 ms, found 2 plugins.
Preloading 0 native plugins for Editor in 0.00 ms.
Invoked RoslynAnalysisRunner static constructor.
RoslynAnalysisRunner will not be running.
RoslynAnalysisRunner has terminated.
Mono: successfully reloaded assembly
- Completed reload, in  0.864 seconds
Platform modules already initialized, skipping
Refreshing native plugins compatible for Editor in 0.62 ms, found 2 plugins.
Preloading 0 native plugins for Editor in 0.00 ms.
Unloading 1811 Unused Serialized files (Serialized files now loaded: 0)
System memory in use before: 90.3 MB.
System memory in use after: 90.3 MB.

Unloading 28 unused Assets to reduce memory usage. Loaded Objects now: 2363.
Total: 2.097500 ms (FindLiveObjects: 0.345600 ms CreateObjectMapping: 0.054500 ms MarkObjects: 1.580400 ms  DeleteObjects: 0.115600 ms)

========================================================================
Received Prepare
Registering precompiled user dll's ...
Registered in 0.009881 seconds.
Begin MonoManager ReloadAssembly
Native extension for WindowsStandalone target not found
Refreshing native plugins compatible for Editor in 0.53 ms, found 2 plugins.
Preloading 0 native plugins for Editor in 0.00 ms.
Invoked RoslynAnalysisRunner static constructor.
RoslynAnalysisRunner will not be running.
RoslynAnalysisRunner has terminated.
Mono: successfully reloaded assembly
- Completed reload, in  0.841 seconds
Platform modules already initialized, skipping
Refreshing native plugins compatible for Editor in 0.53 ms, found 2 plugins.
Preloading 0 native plugins for Editor in 0.00 ms.
Unloading 1811 Unused Serialized files (Serialized files now loaded: 0)
System memory in use before: 90.4 MB.
System memory in use after: 90.4 MB.

Unloading 28 unused Assets to reduce memory usage. Loaded Objects now: 2366.
Total: 2.152000 ms (FindLiveObjects: 0.364400 ms CreateObjectMapping: 0.045700 ms MarkObjects: 1.619200 ms  DeleteObjects: 0.121300 ms)

========================================================================
Received Prepare
Registering precompiled user dll's ...
Registered in 0.009923 seconds.
Begin MonoManager ReloadAssembly
Native extension for WindowsStandalone target not found
Refreshing native plugins compatible for Editor in 0.54 ms, found 2 plugins.
Preloading 0 native plugins for Editor in 0.00 ms.
Invoked RoslynAnalysisRunner static constructor.
RoslynAnalysisRunner will not be running.
RoslynAnalysisRunner has terminated.
Mono: successfully reloaded assembly
- Completed reload, in  0.963 seconds
Platform modules already initialized, skipping
Refreshing native plugins compatible for Editor in 0.58 ms, found 2 plugins.
Preloading 0 native plugins for Editor in 0.00 ms.
Unloading 1811 Unused Serialized files (Serialized files now loaded: 0)
System memory in use before: 90.4 MB.
System memory in use after: 90.4 MB.

Unloading 28 unused Assets to reduce memory usage. Loaded Objects now: 2369.
Total: 2.444800 ms (FindLiveObjects: 0.289000 ms CreateObjectMapping: 0.049600 ms MarkObjects: 1.955000 ms  DeleteObjects: 0.149600 ms)

AssetImportWorkerClient::OnTransportError - code=2 error=End of file
